[35m[Appium][39m Welcome to Appium v2.5.0
[35m[Appium][39m Non-default server args:
[35m[Appium][39m { basePath: [32m'/wd/hub'[39m, loglevel: [32m'info'[39m, port: [33m15596[39m }
[35m[Appium][39m Attempting to load driver uiautomator2...
[35m[Appium][39m Appium REST http interface listener started on http://0.0.0.0:15596/wd/hub
[35m[Appium][39m You can provide the following URLs in your client code to connect to this server:
[35m[Appium][39m 	http://172.16.213.178:15596/wd/hub
[35m[Appium][39m 	http://127.0.0.1:15596/wd/hub (only accessible from the same host)
[35m[Appium][39m 	http://172.31.160.1:15596/wd/hub
[35m[Appium][39m Available drivers:
[35m[Appium][39m   - uiautomator2@3.0.0 (automationName 'UiAutomator2')
[35m[Appium][39m No plugins have been installed. Use the "appium plugin" command to install the one(s) you want to use.
[38;5;0m[HTTP][0m [37m-->[39m [37mGET[39m [37m/wd/hub/status[39m
[38;5;0m[HTTP][0m [90m{}[39m
[38;5;0m[HTTP][0m [37m<-- GET /wd/hub/status [39m[32m200[39m [90m5 ms - 110[39m
[38;5;0m[HTTP][0m [90m[39m
[38;5;0m[HTTP][0m [37m-->[39m [37mGET[39m [37m/wd/hub/status[39m
[38;5;0m[HTTP][0m [90m{}[39m
[38;5;0m[HTTP][0m [37m<-- GET /wd/hub/status [39m[32m200[39m [90m1 ms - 110[39m
[38;5;0m[HTTP][0m [90m[39m
[38;5;0m[HTTP][0m [37m-->[39m [37mPOST[39m [37m/wd/hub/session[39m
[38;5;0m[HTTP][0m [90m{"desiredCapabilities":{"appium:systemPort":8285,"appium:udid":"emulator-5554","appium:autoGrantPermissions":true,"appium:newCommandTimeout":1800,"appium:platformName":"ANDROID","appium:appActivity":".Settings","appium:deviceName":"emulator-5554 (Android SDK built for x86 - Android 8.1.0)","platformName":"Android","appium:automationName":"uiautomator2","appium:platformVersion":"8.1.0","appium:appPackage":"com.android.settings"},"capabilities":{"firstMatch":[{"appium:appActivity":".Settings","appium:appPackage":"com.android.settings","appium:autoGrantPermissions":true,"appium:automationName":"uiautomator2","appium:deviceName":"emulator-5554 (Android SDK built for x86 - Android 8.1.0)","appium:newCommandTimeout":1800,"appium:platformName":"ANDROID","appium:platformVersion":"8.1.0","appium:systemPort":8285,"appium:udid":"emulator-5554","platformName":"android"}]}}[39m
[38;5;32m[BaseDriver][0m Ignoring capability 'appium:platformName=ANDROID' and using capability 'platformName=android'
[38;5;32m[BaseDriver][0m The capabilities ["platformName"] are standard capabilities and do not require "appium:" prefix
[35m[Appium][39m Attempting to find matching driver for automationName 'uiautomator2' and platformName 'android'
[35m[Appium][39m The 'uiautomator2' driver was installed and matched caps.
[35m[Appium][39m Will require it at C:\Users\ACER\.appium\node_modules\appium-uiautomator2-driver
[38;5;16m[AppiumDriver@5214][0m Appium v2.5.0 creating new AndroidUiautomator2Driver (v3.0.0) session
[38;5;16m[AppiumDriver@5214][0m Checking BaseDriver versions for Appium and AndroidUiautomator2Driver
[38;5;16m[AppiumDriver@5214][0m Appium's BaseDriver version is 9.5.1
[38;5;16m[AppiumDriver@5214][0m AndroidUiautomator2Driver's BaseDriver version is 9.5.1
[38;5;48m[AndroidUiautomator2Driver@5d90 (5c93bd66)][0m Session created with session id: 5c93bd66-a73c-414a-a349-d10810b6edae
[38;5;64m[ADB][0m Found 1 'build-tools' folders under 'C:\Users\ACER\.katalon\tools\android_sdk' (newest first):
[38;5;64m[ADB][0m     C:\Users\ACER\.katalon\tools\android_sdk\build-tools\29.0.3
[38;5;64m[ADB][0m Using 'adb.exe' from 'C:\Users\ACER\.katalon\tools\android_sdk\platform-tools\adb.exe'
[38;5;48m[AndroidUiautomator2Driver@5d90 (5c93bd66)][0m Retrieving device list
[38;5;48m[AndroidUiautomator2Driver@5d90 (5c93bd66)][0m Using device: emulator-5554
[38;5;64m[ADB][0m Using 'adb.exe' from 'C:\Users\ACER\.katalon\tools\android_sdk\platform-tools\adb.exe'
[38;5;48m[AndroidUiautomator2Driver@5d90 (5c93bd66)][0m Starting 'com.android.settings' directly on the device
[38;5;48m[AndroidUiautomator2Driver@5d90 (5c93bd66)][0m No app sent in, not parsing package/activity
[38;5;64m[ADB][0m Using 'apksigner.jar' from 'C:\Users\ACER\.katalon\tools\android_sdk\build-tools\29.0.3\lib\apksigner.jar'
[38;5;64m[ADB][0m 'C:\Users\ACER\.appium\node_modules\appium-uiautomator2-driver\node_modules\appium-uiautomator2-server\apks\appium-uiautomator2-server-debug-androidTest.apk' is signed with the default certificate
[38;5;64m[ADB][0m 'C:\Users\ACER\.appium\node_modules\appium-uiautomator2-driver\node_modules\appium-uiautomator2-server\apks\appium-uiautomator2-server-v7.0.0.apk' is signed with the default certificate
[38;5;48m[AndroidUiautomator2Driver@5d90 (5c93bd66)][0m Server packages are not going to be (re)installed
[38;5;64m[ADB][0m Adding packages ["io.appium.settings","io.appium.uiautomator2.server","io.appium.uiautomator2.server.test"] to Doze whitelist
[38;5;48m[AndroidUiautomator2Driver@5d90 (5c93bd66)][0m Starting UIAutomator2 server 7.0.0
[38;5;48m[AndroidUiautomator2Driver@5d90 (5c93bd66)][0m Using UIAutomator2 server from 'C:\Users\ACER\.appium\node_modules\appium-uiautomator2-driver\node_modules\appium-uiautomator2-server\apks\appium-uiautomator2-server-v7.0.0.apk' and test from 'C:\Users\ACER\.appium\node_modules\appium-uiautomator2-driver\node_modules\appium-uiautomator2-server\apks\appium-uiautomator2-server-debug-androidTest.apk'
[38;5;48m[AndroidUiautomator2Driver@5d90 (5c93bd66)][0m Waiting up to 30000ms for UiAutomator2 to be online...
[38;5;48m[AndroidUiautomator2Driver@5d90 (5c93bd66)][0m socket hang up
[38;5;48m[AndroidUiautomator2Driver@5d90 (5c93bd66)][0m socket hang up
[38;5;48m[AndroidUiautomator2Driver@5d90 (5c93bd66)][0m Determined the downstream protocol as 'W3C'
[38;5;48m[AndroidUiautomator2Driver@5d90 (5c93bd66)][0m Screen already unlocked, doing nothing
[38;5;48m[AndroidUiautomator2Driver@5d90 (5c93bd66)][0m Starting 'com.android.settings/.Settings and waiting for 'com.android.settings/.Settings'
[38;5;16m[AppiumDriver@5214][0m New AndroidUiautomator2Driver session created successfully, session 5c93bd66-a73c-414a-a349-d10810b6edae added to master session list
[38;5;0m[HTTP][0m [37m<-- POST /wd/hub/session [39m[32m200[39m [90m5675 ms - 1145[39m
[38;5;0m[HTTP][0m [90m[39m
[38;5;0m[HTTP][0m [37m-->[39m [37mGET[39m [37m/wd/hub/session/5c93bd66-a73c-414a-a349-d10810b6edae[39m
[38;5;0m[HTTP][0m [90m{}[39m
[38;5;0m[HTTP][0m [37m<-- GET /wd/hub/session/5c93bd66-a73c-414a-a349-d10810b6edae [39m[32m200[39m [90m16 ms - 345[39m
[38;5;0m[HTTP][0m [90m[39m
[38;5;0m[HTTP][0m [37m-->[39m [37mGET[39m [37m/wd/hub/session/5c93bd66-a73c-414a-a349-d10810b6edae[39m
[38;5;0m[HTTP][0m [90m{}[39m
[38;5;0m[HTTP][0m [37m<-- GET /wd/hub/session/5c93bd66-a73c-414a-a349-d10810b6edae [39m[32m200[39m [90m14 ms - 345[39m
[38;5;0m[HTTP][0m [90m[39m
[38;5;0m[HTTP][0m [37m-->[39m [37mGET[39m [37m/wd/hub/status[39m
[38;5;0m[HTTP][0m [90m{}[39m
[38;5;0m[HTTP][0m [37m<-- GET /wd/hub/status [39m[32m200[39m [90m1 ms - 110[39m
[38;5;0m[HTTP][0m [90m[39m
[38;5;0m[HTTP][0m [37m-->[39m [37mPOST[39m [37m/wd/hub/session/5c93bd66-a73c-414a-a349-d10810b6edae/timeouts[39m
[38;5;0m[HTTP][0m [90m{"implicit":60000}[39m
[38;5;0m[HTTP][0m [37m<-- POST /wd/hub/session/5c93bd66-a73c-414a-a349-d10810b6edae/timeouts [39m[32m200[39m [90m2 ms - 14[39m
[38;5;0m[HTTP][0m [90m[39m
[38;5;0m[HTTP][0m [37m-->[39m [37mGET[39m [37m/wd/hub/session/5c93bd66-a73c-414a-a349-d10810b6edae/appium/device/system_bars[39m
[38;5;0m[HTTP][0m [90m{}[39m
[38;5;0m[HTTP][0m [37m<-- GET /wd/hub/session/5c93bd66-a73c-414a-a349-d10810b6edae/appium/device/system_bars [39m[32m200[39m [90m65 ms - 151[39m
[38;5;0m[HTTP][0m [90m[39m
[38;5;0m[HTTP][0m [37m-->[39m [37mPOST[39m [37m/wd/hub/session/5c93bd66-a73c-414a-a349-d10810b6edae/appium/device/activate_app[39m
[38;5;0m[HTTP][0m [90m{"bundleId":"com.solodroid.solomerce"}[39m
[38;5;0m[HTTP][0m [37m<-- POST /wd/hub/session/5c93bd66-a73c-414a-a349-d10810b6edae/appium/device/activate_app [39m[32m200[39m [90m124 ms - 14[39m
[38;5;0m[HTTP][0m [90m[39m
[38;5;0m[HTTP][0m [37m-->[39m [37mGET[39m [37m/wd/hub/session/5c93bd66-a73c-414a-a349-d10810b6edae/source[39m
[38;5;0m[HTTP][0m [90m{}[39m
[38;5;48m[AndroidUiautomator2Driver@5d90 (5c93bd66)][0m Driver proxy active, passing request on via HTTP proxy
[38;5;48m[AndroidUiautomator2Driver@5d90 (5c93bd66)][0m Replacing sessionId ed79730b-6d66-45a4-9881-5fe96b45610b with 5c93bd66-a73c-414a-a349-d10810b6edae
[38;5;0m[HTTP][0m [37m<-- GET /wd/hub/session/5c93bd66-a73c-414a-a349-d10810b6edae/source [39m[32m200[39m [90m650 ms - 604[39m
[38;5;0m[HTTP][0m [90m[39m
[38;5;0m[HTTP][0m [37m-->[39m [37mGET[39m [37m/wd/hub/session/5c93bd66-a73c-414a-a349-d10810b6edae/screenshot[39m
[38;5;0m[HTTP][0m [90m{}[39m
[38;5;0m[HTTP][0m [37m<-- GET /wd/hub/session/5c93bd66-a73c-414a-a349-d10810b6edae/screenshot [39m[32m200[39m [90m1120 ms - 1888316[39m
[38;5;0m[HTTP][0m [90m[39m
[38;5;0m[HTTP][0m [37m-->[39m [37mPOST[39m [37m/wd/hub/session/5c93bd66-a73c-414a-a349-d10810b6edae/elements[39m
[38;5;0m[HTTP][0m [90m{"using":"xpath","value":"//*[@class = 'android.widget.FrameLayout' and (@text = '' or . = '')]"}[39m
[38;5;0m[HTTP][0m [37m<-- POST /wd/hub/session/5c93bd66-a73c-414a-a349-d10810b6edae/elements [39m[32m200[39m [90m629 ms - 1803[39m
[38;5;0m[HTTP][0m [90m[39m
[38;5;0m[HTTP][0m [37m-->[39m [37mPOST[39m [37m/wd/hub/session/5c93bd66-a73c-414a-a349-d10810b6edae/elements[39m
[38;5;0m[HTTP][0m [90m{"using":"-android uiautomator","value":"new UiSelector().className(\"android.widget.FrameLayout\")"}[39m
[38;5;0m[HTTP][0m [37m<-- POST /wd/hub/session/5c93bd66-a73c-414a-a349-d10810b6edae/elements [39m[32m200[39m [90m133 ms - 1803[39m
[38;5;0m[HTTP][0m [90m[39m
[38;5;0m[HTTP][0m [37m-->[39m [37mGET[39m [37m/wd/hub/session/5c93bd66-a73c-414a-a349-d10810b6edae/window/rect[39m
[38;5;0m[HTTP][0m [90m{}[39m
[38;5;0m[HTTP][0m [37m<-- GET /wd/hub/session/5c93bd66-a73c-414a-a349-d10810b6edae/window/rect [39m[32m200[39m [90m15 ms - 50[39m
[38;5;0m[HTTP][0m [90m[39m
[38;5;0m[HTTP][0m [37m-->[39m [37mPOST[39m [37m/wd/hub/session/5c93bd66-a73c-414a-a349-d10810b6edae/elements[39m
[38;5;0m[HTTP][0m [90m{"using":"xpath","value":"//hierarchy/android.widget.FrameLayout[1]"}[39m
[38;5;0m[HTTP][0m [37m<-- POST /wd/hub/session/5c93bd66-a73c-414a-a349-d10810b6edae/elements [39m[32m200[39m [90m95 ms - 139[39m
[38;5;0m[HTTP][0m [90m[39m
[38;5;0m[HTTP][0m [37m-->[39m [37mGET[39m [37m/wd/hub/session/5c93bd66-a73c-414a-a349-d10810b6edae/element/00000000-0000-00ce-ffff-ffff7ffffffe/location[39m
[38;5;0m[HTTP][0m [90m{}[39m
[38;5;48m[AndroidUiautomator2Driver@5d90 (5c93bd66)][0m Driver proxy active, passing request on via HTTP proxy
[38;5;48m[AndroidUiautomator2Driver@5d90 (5c93bd66)][0m Replacing sessionId ed79730b-6d66-45a4-9881-5fe96b45610b with 5c93bd66-a73c-414a-a349-d10810b6edae
[38;5;0m[HTTP][0m [37m<-- GET /wd/hub/session/5c93bd66-a73c-414a-a349-d10810b6edae/element/00000000-0000-00ce-ffff-ffff7ffffffe/location [39m[32m200[39m [90m17 ms - 74[39m
[38;5;0m[HTTP][0m [90m[39m
[38;5;0m[HTTP][0m [37m-->[39m [37mPOST[39m [37m/wd/hub/session/5c93bd66-a73c-414a-a349-d10810b6edae/element/00000000-0000-00ce-ffff-ffff7ffffffe/click[39m
[38;5;0m[HTTP][0m [90m{"id":"00000000-0000-00ce-ffff-ffff7ffffffe"}[39m
[38;5;0m[HTTP][0m [37m<-- POST /wd/hub/session/5c93bd66-a73c-414a-a349-d10810b6edae/element/00000000-0000-00ce-ffff-ffff7ffffffe/click [39m[32m200[39m [90m631 ms - 14[39m
[38;5;0m[HTTP][0m [90m[39m
[38;5;0m[HTTP][0m [37m-->[39m [37mGET[39m [37m/wd/hub/session/5c93bd66-a73c-414a-a349-d10810b6edae/source[39m
[38;5;0m[HTTP][0m [90m{}[39m
[38;5;48m[AndroidUiautomator2Driver@5d90 (5c93bd66)][0m Driver proxy active, passing request on via HTTP proxy
[38;5;48m[AndroidUiautomator2Driver@5d90 (5c93bd66)][0m Replacing sessionId ed79730b-6d66-45a4-9881-5fe96b45610b with 5c93bd66-a73c-414a-a349-d10810b6edae
[38;5;0m[HTTP][0m [37m<-- GET /wd/hub/session/5c93bd66-a73c-414a-a349-d10810b6edae/source [39m[32m200[39m [90m182 ms - 34102[39m
[38;5;0m[HTTP][0m [90m[39m
[38;5;0m[HTTP][0m [37m-->[39m [37mGET[39m [37m/wd/hub/session/5c93bd66-a73c-414a-a349-d10810b6edae/screenshot[39m
[38;5;0m[HTTP][0m [90m{}[39m
[38;5;0m[HTTP][0m [37m<-- GET /wd/hub/session/5c93bd66-a73c-414a-a349-d10810b6edae/screenshot [39m[32m200[39m [90m879 ms - 1888316[39m
[38;5;0m[HTTP][0m [90m[39m
[38;5;0m[HTTP][0m [37m-->[39m [37mPOST[39m [37m/wd/hub/session/5c93bd66-a73c-414a-a349-d10810b6edae/elements[39m
[38;5;0m[HTTP][0m [90m{"using":"xpath","value":"//*[@class = 'android.widget.TextView' and @resource-id = 'com.solodroid.solomerce:id/search' and (@text = '' or . = '')]"}[39m
[38;5;0m[HTTP][0m [37m<-- POST /wd/hub/session/5c93bd66-a73c-414a-a349-d10810b6edae/elements [39m[32m200[39m [90m204 ms - 139[39m
[38;5;0m[HTTP][0m [90m[39m
[38;5;0m[HTTP][0m [37m-->[39m [37mGET[39m [37m/wd/hub/session/5c93bd66-a73c-414a-a349-d10810b6edae/window/rect[39m
[38;5;0m[HTTP][0m [90m{}[39m
[38;5;0m[HTTP][0m [37m<-- GET /wd/hub/session/5c93bd66-a73c-414a-a349-d10810b6edae/window/rect [39m[32m200[39m [90m12 ms - 50[39m
[38;5;0m[HTTP][0m [90m[39m
[38;5;0m[HTTP][0m [37m-->[39m [37mPOST[39m [37m/wd/hub/session/5c93bd66-a73c-414a-a349-d10810b6edae/elements[39m
[38;5;0m[HTTP][0m [90m{"using":"xpath","value":"//*[@class = 'android.widget.TextView' and @resource-id = 'com.solodroid.solomerce:id/search' and (@text = '' or . = '')]"}[39m
[38;5;0m[HTTP][0m [37m<-- POST /wd/hub/session/5c93bd66-a73c-414a-a349-d10810b6edae/elements [39m[32m200[39m [90m135 ms - 139[39m
[38;5;0m[HTTP][0m [90m[39m
[38;5;0m[HTTP][0m [37m-->[39m [37mGET[39m [37m/wd/hub/session/5c93bd66-a73c-414a-a349-d10810b6edae/element/00000000-0000-00ce-ffff-ffff00000036/location[39m
[38;5;0m[HTTP][0m [90m{}[39m
[38;5;48m[AndroidUiautomator2Driver@5d90 (5c93bd66)][0m Driver proxy active, passing request on via HTTP proxy
[38;5;48m[AndroidUiautomator2Driver@5d90 (5c93bd66)][0m Replacing sessionId ed79730b-6d66-45a4-9881-5fe96b45610b with 5c93bd66-a73c-414a-a349-d10810b6edae
[38;5;0m[HTTP][0m [37m<-- GET /wd/hub/session/5c93bd66-a73c-414a-a349-d10810b6edae/element/00000000-0000-00ce-ffff-ffff00000036/location [39m[32m200[39m [90m16 ms - 77[39m
[38;5;0m[HTTP][0m [90m[39m
[38;5;0m[HTTP][0m [37m-->[39m [37mPOST[39m [37m/wd/hub/session/5c93bd66-a73c-414a-a349-d10810b6edae/element/00000000-0000-00ce-ffff-ffff00000036/click[39m
[38;5;0m[HTTP][0m [90m{"id":"00000000-0000-00ce-ffff-ffff00000036"}[39m
[38;5;0m[HTTP][0m [37m<-- POST /wd/hub/session/5c93bd66-a73c-414a-a349-d10810b6edae/element/00000000-0000-00ce-ffff-ffff00000036/click [39m[32m200[39m [90m33 ms - 14[39m
[38;5;0m[HTTP][0m [90m[39m
[38;5;0m[HTTP][0m [37m-->[39m [37mGET[39m [37m/wd/hub/session/5c93bd66-a73c-414a-a349-d10810b6edae/source[39m
[38;5;0m[HTTP][0m [90m{}[39m
[38;5;48m[AndroidUiautomator2Driver@5d90 (5c93bd66)][0m Driver proxy active, passing request on via HTTP proxy
[38;5;48m[AndroidUiautomator2Driver@5d90 (5c93bd66)][0m Replacing sessionId ed79730b-6d66-45a4-9881-5fe96b45610b with 5c93bd66-a73c-414a-a349-d10810b6edae
[38;5;0m[HTTP][0m [37m<-- GET /wd/hub/session/5c93bd66-a73c-414a-a349-d10810b6edae/source [39m[32m200[39m [90m1155 ms - 24348[39m
[38;5;0m[HTTP][0m [90m[39m
[38;5;0m[HTTP][0m [37m-->[39m [37mGET[39m [37m/wd/hub/session/5c93bd66-a73c-414a-a349-d10810b6edae/screenshot[39m
[38;5;0m[HTTP][0m [90m{}[39m
[38;5;0m[HTTP][0m [37m<-- GET /wd/hub/session/5c93bd66-a73c-414a-a349-d10810b6edae/screenshot [39m[32m200[39m [90m475 ms - 716128[39m
[38;5;0m[HTTP][0m [90m[39m
[38;5;0m[HTTP][0m [37m-->[39m [37mPOST[39m [37m/wd/hub/session/5c93bd66-a73c-414a-a349-d10810b6edae/elements[39m
[38;5;0m[HTTP][0m [90m{"using":"xpath","value":"//*[@class = 'android.widget.EditText' and (@text = 'Search…' or . = 'Search…') and @resource-id = 'com.solodroid.solomerce:id/search_src_text']"}[39m
[38;5;0m[HTTP][0m [37m<-- POST /wd/hub/session/5c93bd66-a73c-414a-a349-d10810b6edae/elements [39m[32m200[39m [90m91 ms - 139[39m
[38;5;0m[HTTP][0m [90m[39m
[38;5;0m[HTTP][0m [37m-->[39m [37mGET[39m [37m/wd/hub/session/5c93bd66-a73c-414a-a349-d10810b6edae/window/rect[39m
[38;5;0m[HTTP][0m [90m{}[39m
[38;5;0m[HTTP][0m [37m<-- GET /wd/hub/session/5c93bd66-a73c-414a-a349-d10810b6edae/window/rect [39m[32m200[39m [90m19 ms - 50[39m
[38;5;0m[HTTP][0m [90m[39m
[38;5;0m[HTTP][0m [37m-->[39m [37mPOST[39m [37m/wd/hub/session/5c93bd66-a73c-414a-a349-d10810b6edae/elements[39m
[38;5;0m[HTTP][0m [90m{"using":"xpath","value":"//*[@class = 'android.widget.EditText' and (@text = 'Search…' or . = 'Search…') and @resource-id = 'com.solodroid.solomerce:id/search_src_text']"}[39m
[38;5;0m[HTTP][0m [37m<-- POST /wd/hub/session/5c93bd66-a73c-414a-a349-d10810b6edae/elements [39m[32m200[39m [90m78 ms - 139[39m
[38;5;0m[HTTP][0m [90m[39m
[38;5;0m[HTTP][0m [37m-->[39m [37mGET[39m [37m/wd/hub/session/5c93bd66-a73c-414a-a349-d10810b6edae/element/00000000-0000-00ce-ffff-ffff00000078/location[39m
[38;5;0m[HTTP][0m [90m{}[39m
[38;5;48m[AndroidUiautomator2Driver@5d90 (5c93bd66)][0m Driver proxy active, passing request on via HTTP proxy
[38;5;48m[AndroidUiautomator2Driver@5d90 (5c93bd66)][0m Replacing sessionId ed79730b-6d66-45a4-9881-5fe96b45610b with 5c93bd66-a73c-414a-a349-d10810b6edae
[38;5;0m[HTTP][0m [37m<-- GET /wd/hub/session/5c93bd66-a73c-414a-a349-d10810b6edae/element/00000000-0000-00ce-ffff-ffff00000078/location [39m[32m200[39m [90m15 ms - 77[39m
[38;5;0m[HTTP][0m [90m[39m
[38;5;0m[HTTP][0m [37m-->[39m [37mPOST[39m [37m/wd/hub/session/5c93bd66-a73c-414a-a349-d10810b6edae/element/00000000-0000-00ce-ffff-ffff00000078/clear[39m
[38;5;0m[HTTP][0m [90m{"id":"00000000-0000-00ce-ffff-ffff00000078"}[39m
[38;5;0m[HTTP][0m [37m<-- POST /wd/hub/session/5c93bd66-a73c-414a-a349-d10810b6edae/element/00000000-0000-00ce-ffff-ffff00000078/clear [39m[32m200[39m [90m25 ms - 14[39m
[38;5;0m[HTTP][0m [90m[39m
[38;5;0m[HTTP][0m [37m-->[39m [37mPOST[39m [37m/wd/hub/session/5c93bd66-a73c-414a-a349-d10810b6edae/element/00000000-0000-00ce-ffff-ffff00000078/click[39m
[38;5;0m[HTTP][0m [90m{"id":"00000000-0000-00ce-ffff-ffff00000078"}[39m
[38;5;0m[HTTP][0m [37m<-- POST /wd/hub/session/5c93bd66-a73c-414a-a349-d10810b6edae/element/00000000-0000-00ce-ffff-ffff00000078/click [39m[32m200[39m [90m1031 ms - 14[39m
[38;5;0m[HTTP][0m [90m[39m
[38;5;0m[HTTP][0m [37m-->[39m [37mPOST[39m [37m/wd/hub/session/5c93bd66-a73c-414a-a349-d10810b6edae/element/00000000-0000-00ce-ffff-ffff00000078/value[39m
[38;5;0m[HTTP][0m [90m{"id":"00000000-0000-00ce-ffff-ffff00000078","text":"samsung","value":["s","a","m","s","u","n","g"]}[39m
[38;5;0m[HTTP][0m [37m<-- POST /wd/hub/session/5c93bd66-a73c-414a-a349-d10810b6edae/element/00000000-0000-00ce-ffff-ffff00000078/value [39m[32m200[39m [90m631 ms - 14[39m
[38;5;0m[HTTP][0m [90m[39m
[38;5;0m[HTTP][0m [37m-->[39m [37mGET[39m [37m/wd/hub/session/5c93bd66-a73c-414a-a349-d10810b6edae/source[39m
[38;5;0m[HTTP][0m [90m{}[39m
[38;5;48m[AndroidUiautomator2Driver@5d90 (5c93bd66)][0m Driver proxy active, passing request on via HTTP proxy
[38;5;48m[AndroidUiautomator2Driver@5d90 (5c93bd66)][0m Replacing sessionId ed79730b-6d66-45a4-9881-5fe96b45610b with 5c93bd66-a73c-414a-a349-d10810b6edae
[38;5;0m[HTTP][0m [37m<-- GET /wd/hub/session/5c93bd66-a73c-414a-a349-d10810b6edae/source [39m[32m200[39m [90m118 ms - 21954[39m
[38;5;0m[HTTP][0m [90m[39m
[38;5;0m[HTTP][0m [37m-->[39m [37mGET[39m [37m/wd/hub/session/5c93bd66-a73c-414a-a349-d10810b6edae/screenshot[39m
[38;5;0m[HTTP][0m [90m{}[39m
[38;5;0m[HTTP][0m [37m<-- GET /wd/hub/session/5c93bd66-a73c-414a-a349-d10810b6edae/screenshot [39m[32m200[39m [90m423 ms - 491612[39m
[38;5;0m[HTTP][0m [90m[39m
[38;5;0m[HTTP][0m [37m-->[39m [37mGET[39m [37m/wd/hub/session/5c93bd66-a73c-414a-a349-d10810b6edae/context[39m
[38;5;0m[HTTP][0m [90m{}[39m
[38;5;0m[HTTP][0m [37m<-- GET /wd/hub/session/5c93bd66-a73c-414a-a349-d10810b6edae/context [39m[32m200[39m [90m1 ms - 22[39m
[38;5;0m[HTTP][0m [90m[39m
[38;5;0m[HTTP][0m [37m-->[39m [37mGET[39m [37m/wd/hub/session/5c93bd66-a73c-414a-a349-d10810b6edae/contexts[39m
[38;5;0m[HTTP][0m [90m{}[39m
[38;5;0m[HTTP][0m [37m<-- GET /wd/hub/session/5c93bd66-a73c-414a-a349-d10810b6edae/contexts [39m[32m200[39m [90m250 ms - 24[39m
[38;5;0m[HTTP][0m [90m[39m
[38;5;0m[HTTP][0m [37m-->[39m [37mPOST[39m [37m/wd/hub/session/5c93bd66-a73c-414a-a349-d10810b6edae/context[39m
[38;5;0m[HTTP][0m [90m{"name":"NATIVE_APP"}[39m
[38;5;0m[HTTP][0m [37m<-- POST /wd/hub/session/5c93bd66-a73c-414a-a349-d10810b6edae/context [39m[32m200[39m [90m1 ms - 14[39m
[38;5;0m[HTTP][0m [90m[39m
[38;5;0m[HTTP][0m [37m-->[39m [37mPOST[39m [37m/wd/hub/session/5c93bd66-a73c-414a-a349-d10810b6edae/appium/device/hide_keyboard[39m
[38;5;0m[HTTP][0m [90m{}[39m
[38;5;0m[HTTP][0m [37m<-- POST /wd/hub/session/5c93bd66-a73c-414a-a349-d10810b6edae/appium/device/hide_keyboard [39m[32m200[39m [90m373 ms - 14[39m
[38;5;0m[HTTP][0m [90m[39m
[38;5;0m[HTTP][0m [37m-->[39m [37mPOST[39m [37m/wd/hub/session/5c93bd66-a73c-414a-a349-d10810b6edae/context[39m
[38;5;0m[HTTP][0m [90m{"name":"NATIVE_APP"}[39m
[38;5;0m[HTTP][0m [37m<-- POST /wd/hub/session/5c93bd66-a73c-414a-a349-d10810b6edae/context [39m[32m200[39m [90m1 ms - 14[39m
[38;5;0m[HTTP][0m [90m[39m
[38;5;0m[HTTP][0m [37m-->[39m [37mGET[39m [37m/wd/hub/session/5c93bd66-a73c-414a-a349-d10810b6edae/source[39m
[38;5;0m[HTTP][0m [90m{}[39m
[38;5;48m[AndroidUiautomator2Driver@5d90 (5c93bd66)][0m Driver proxy active, passing request on via HTTP proxy
[38;5;48m[AndroidUiautomator2Driver@5d90 (5c93bd66)][0m Replacing sessionId ed79730b-6d66-45a4-9881-5fe96b45610b with 5c93bd66-a73c-414a-a349-d10810b6edae
[38;5;0m[HTTP][0m [37m<-- GET /wd/hub/session/5c93bd66-a73c-414a-a349-d10810b6edae/source [39m[32m200[39m [90m48 ms - 22421[39m
[38;5;0m[HTTP][0m [90m[39m
[38;5;0m[HTTP][0m [37m-->[39m [37mGET[39m [37m/wd/hub/session/5c93bd66-a73c-414a-a349-d10810b6edae/screenshot[39m
[38;5;0m[HTTP][0m [90m{}[39m
[38;5;0m[HTTP][0m [37m<-- GET /wd/hub/session/5c93bd66-a73c-414a-a349-d10810b6edae/screenshot [39m[32m200[39m [90m397 ms - 431484[39m
[38;5;0m[HTTP][0m [90m[39m
[38;5;0m[HTTP][0m [37m-->[39m [37mPOST[39m [37m/wd/hub/session/5c93bd66-a73c-414a-a349-d10810b6edae/elements[39m
[38;5;0m[HTTP][0m [90m{"using":"xpath","value":"//*[@class = 'android.widget.ImageView' and @resource-id = 'com.solodroid.solomerce:id/category_image' and (@text = '' or . = '')]"}[39m
[38;5;0m[HTTP][0m [37m<-- POST /wd/hub/session/5c93bd66-a73c-414a-a349-d10810b6edae/elements [39m[32m200[39m [90m65 ms - 139[39m
[38;5;0m[HTTP][0m [90m[39m
[38;5;0m[HTTP][0m [37m-->[39m [37mGET[39m [37m/wd/hub/session/5c93bd66-a73c-414a-a349-d10810b6edae/window/rect[39m
[38;5;0m[HTTP][0m [90m{}[39m
[38;5;0m[HTTP][0m [37m<-- GET /wd/hub/session/5c93bd66-a73c-414a-a349-d10810b6edae/window/rect [39m[32m200[39m [90m11 ms - 50[39m
[38;5;0m[HTTP][0m [90m[39m
[38;5;0m[HTTP][0m [37m-->[39m [37mPOST[39m [37m/wd/hub/session/5c93bd66-a73c-414a-a349-d10810b6edae/elements[39m
[38;5;0m[HTTP][0m [90m{"using":"xpath","value":"//*[@class = 'android.widget.ImageView' and @resource-id = 'com.solodroid.solomerce:id/category_image' and (@text = '' or . = '')]"}[39m
[38;5;0m[HTTP][0m [37m<-- POST /wd/hub/session/5c93bd66-a73c-414a-a349-d10810b6edae/elements [39m[32m200[39m [90m65 ms - 139[39m
[38;5;0m[HTTP][0m [90m[39m
[38;5;0m[HTTP][0m [37m-->[39m [37mGET[39m [37m/wd/hub/session/5c93bd66-a73c-414a-a349-d10810b6edae/element/00000000-0000-00ce-ffff-ffff00000075/location[39m
[38;5;0m[HTTP][0m [90m{}[39m
[38;5;48m[AndroidUiautomator2Driver@5d90 (5c93bd66)][0m Driver proxy active, passing request on via HTTP proxy
[38;5;48m[AndroidUiautomator2Driver@5d90 (5c93bd66)][0m Replacing sessionId ed79730b-6d66-45a4-9881-5fe96b45610b with 5c93bd66-a73c-414a-a349-d10810b6edae
[38;5;0m[HTTP][0m [37m<-- GET /wd/hub/session/5c93bd66-a73c-414a-a349-d10810b6edae/element/00000000-0000-00ce-ffff-ffff00000075/location [39m[32m200[39m [90m13 ms - 77[39m
[38;5;0m[HTTP][0m [90m[39m
[38;5;0m[HTTP][0m [37m-->[39m [37mPOST[39m [37m/wd/hub/session/5c93bd66-a73c-414a-a349-d10810b6edae/element/00000000-0000-00ce-ffff-ffff00000075/click[39m
[38;5;0m[HTTP][0m [90m{"id":"00000000-0000-00ce-ffff-ffff00000075"}[39m
[38;5;0m[HTTP][0m [37m<-- POST /wd/hub/session/5c93bd66-a73c-414a-a349-d10810b6edae/element/00000000-0000-00ce-ffff-ffff00000075/click [39m[32m200[39m [90m899 ms - 14[39m
[38;5;0m[HTTP][0m [90m[39m
[38;5;0m[HTTP][0m [37m-->[39m [37mGET[39m [37m/wd/hub/session/5c93bd66-a73c-414a-a349-d10810b6edae/source[39m
[38;5;0m[HTTP][0m [90m{}[39m
[38;5;48m[AndroidUiautomator2Driver@5d90 (5c93bd66)][0m Driver proxy active, passing request on via HTTP proxy
[38;5;48m[AndroidUiautomator2Driver@5d90 (5c93bd66)][0m Replacing sessionId ed79730b-6d66-45a4-9881-5fe96b45610b with 5c93bd66-a73c-414a-a349-d10810b6edae
[38;5;0m[HTTP][0m [37m<-- GET /wd/hub/session/5c93bd66-a73c-414a-a349-d10810b6edae/source [39m[32m200[39m [90m2086 ms - 15221[39m
[38;5;0m[HTTP][0m [90m[39m
[38;5;0m[HTTP][0m [37m-->[39m [37mGET[39m [37m/wd/hub/session/5c93bd66-a73c-414a-a349-d10810b6edae/screenshot[39m
[38;5;0m[HTTP][0m [90m{}[39m
[38;5;0m[HTTP][0m [37m<-- GET /wd/hub/session/5c93bd66-a73c-414a-a349-d10810b6edae/screenshot [39m[32m200[39m [90m1266 ms - 1415736[39m
[38;5;0m[HTTP][0m [90m[39m
[38;5;0m[HTTP][0m [37m-->[39m [37mPOST[39m [37m/wd/hub/session/5c93bd66-a73c-414a-a349-d10810b6edae/elements[39m
[38;5;0m[HTTP][0m [90m{"using":"xpath","value":"//*[@class = 'android.widget.Button' and (@text = 'ADD TO CART' or . = 'ADD TO CART') and @resource-id = 'com.solodroid.solomerce:id/btn_add_cart']"}[39m
[38;5;0m[HTTP][0m [37m<-- POST /wd/hub/session/5c93bd66-a73c-414a-a349-d10810b6edae/elements [39m[32m200[39m [90m58 ms - 139[39m
[38;5;0m[HTTP][0m [90m[39m
[38;5;0m[HTTP][0m [37m-->[39m [37mGET[39m [37m/wd/hub/session/5c93bd66-a73c-414a-a349-d10810b6edae/window/rect[39m
[38;5;0m[HTTP][0m [90m{}[39m
[38;5;0m[HTTP][0m [37m<-- GET /wd/hub/session/5c93bd66-a73c-414a-a349-d10810b6edae/window/rect [39m[32m200[39m [90m6 ms - 50[39m
[38;5;0m[HTTP][0m [90m[39m
[38;5;0m[HTTP][0m [37m-->[39m [37mPOST[39m [37m/wd/hub/session/5c93bd66-a73c-414a-a349-d10810b6edae/elements[39m
[38;5;0m[HTTP][0m [90m{"using":"xpath","value":"//*[@class = 'android.widget.Button' and (@text = 'ADD TO CART' or . = 'ADD TO CART') and @resource-id = 'com.solodroid.solomerce:id/btn_add_cart']"}[39m
[38;5;0m[HTTP][0m [37m<-- POST /wd/hub/session/5c93bd66-a73c-414a-a349-d10810b6edae/elements [39m[32m200[39m [90m48 ms - 139[39m
[38;5;0m[HTTP][0m [90m[39m
[38;5;0m[HTTP][0m [37m-->[39m [37mGET[39m [37m/wd/hub/session/5c93bd66-a73c-414a-a349-d10810b6edae/element/00000000-0000-00d2-ffff-ffff000000a6/location[39m
[38;5;0m[HTTP][0m [90m{}[39m
[38;5;48m[AndroidUiautomator2Driver@5d90 (5c93bd66)][0m Driver proxy active, passing request on via HTTP proxy
[38;5;48m[AndroidUiautomator2Driver@5d90 (5c93bd66)][0m Replacing sessionId ed79730b-6d66-45a4-9881-5fe96b45610b with 5c93bd66-a73c-414a-a349-d10810b6edae
[38;5;0m[HTTP][0m [37m<-- GET /wd/hub/session/5c93bd66-a73c-414a-a349-d10810b6edae/element/00000000-0000-00d2-ffff-ffff000000a6/location [39m[32m200[39m [90m20 ms - 77[39m
[38;5;0m[HTTP][0m [90m[39m
[38;5;0m[HTTP][0m [37m-->[39m [37mPOST[39m [37m/wd/hub/session/5c93bd66-a73c-414a-a349-d10810b6edae/element/00000000-0000-00d2-ffff-ffff000000a6/click[39m
[38;5;0m[HTTP][0m [90m{"id":"00000000-0000-00d2-ffff-ffff000000a6"}[39m
[38;5;0m[HTTP][0m [37m<-- POST /wd/hub/session/5c93bd66-a73c-414a-a349-d10810b6edae/element/00000000-0000-00d2-ffff-ffff000000a6/click [39m[32m200[39m [90m39 ms - 14[39m
[38;5;0m[HTTP][0m [90m[39m
[38;5;0m[HTTP][0m [37m-->[39m [37mGET[39m [37m/wd/hub/session/5c93bd66-a73c-414a-a349-d10810b6edae/source[39m
[38;5;0m[HTTP][0m [90m{}[39m
[38;5;48m[AndroidUiautomator2Driver@5d90 (5c93bd66)][0m Driver proxy active, passing request on via HTTP proxy
[38;5;48m[AndroidUiautomator2Driver@5d90 (5c93bd66)][0m Replacing sessionId ed79730b-6d66-45a4-9881-5fe96b45610b with 5c93bd66-a73c-414a-a349-d10810b6edae
[38;5;0m[HTTP][0m [37m<-- GET /wd/hub/session/5c93bd66-a73c-414a-a349-d10810b6edae/source [39m[32m200[39m [90m473 ms - 6059[39m
[38;5;0m[HTTP][0m [90m[39m
[38;5;0m[HTTP][0m [37m-->[39m [37mGET[39m [37m/wd/hub/session/5c93bd66-a73c-414a-a349-d10810b6edae/screenshot[39m
[38;5;0m[HTTP][0m [90m{}[39m
[38;5;0m[HTTP][0m [37m<-- GET /wd/hub/session/5c93bd66-a73c-414a-a349-d10810b6edae/screenshot [39m[32m200[39m [90m864 ms - 962164[39m
[38;5;0m[HTTP][0m [90m[39m
[38;5;0m[HTTP][0m [37m-->[39m [37mPOST[39m [37m/wd/hub/session/5c93bd66-a73c-414a-a349-d10810b6edae/elements[39m
[38;5;0m[HTTP][0m [90m{"using":"xpath","value":"//*[@class = 'android.widget.EditText' and @resource-id = 'com.solodroid.solomerce:id/userInputDialog' and (@text = '' or . = '')]"}[39m
[38;5;0m[HTTP][0m [37m<-- POST /wd/hub/session/5c93bd66-a73c-414a-a349-d10810b6edae/elements [39m[32m200[39m [90m45 ms - 139[39m
[38;5;0m[HTTP][0m [90m[39m
[38;5;0m[HTTP][0m [37m-->[39m [37mGET[39m [37m/wd/hub/session/5c93bd66-a73c-414a-a349-d10810b6edae/window/rect[39m
[38;5;0m[HTTP][0m [90m{}[39m
[38;5;0m[HTTP][0m [37m<-- GET /wd/hub/session/5c93bd66-a73c-414a-a349-d10810b6edae/window/rect [39m[32m200[39m [90m12 ms - 50[39m
[38;5;0m[HTTP][0m [90m[39m
[38;5;0m[HTTP][0m [37m-->[39m [37mPOST[39m [37m/wd/hub/session/5c93bd66-a73c-414a-a349-d10810b6edae/elements[39m
[38;5;0m[HTTP][0m [90m{"using":"xpath","value":"//*[@class = 'android.widget.EditText' and @resource-id = 'com.solodroid.solomerce:id/userInputDialog' and (@text = '' or . = '')]"}[39m
[38;5;0m[HTTP][0m [37m<-- POST /wd/hub/session/5c93bd66-a73c-414a-a349-d10810b6edae/elements [39m[32m200[39m [90m38 ms - 139[39m
[38;5;0m[HTTP][0m [90m[39m
[38;5;0m[HTTP][0m [37m-->[39m [37mGET[39m [37m/wd/hub/session/5c93bd66-a73c-414a-a349-d10810b6edae/element/00000000-0000-00d3-ffff-ffff000000aa/location[39m
[38;5;0m[HTTP][0m [90m{}[39m
[38;5;48m[AndroidUiautomator2Driver@5d90 (5c93bd66)][0m Driver proxy active, passing request on via HTTP proxy
[38;5;48m[AndroidUiautomator2Driver@5d90 (5c93bd66)][0m Replacing sessionId ed79730b-6d66-45a4-9881-5fe96b45610b with 5c93bd66-a73c-414a-a349-d10810b6edae
[38;5;0m[HTTP][0m [37m<-- GET /wd/hub/session/5c93bd66-a73c-414a-a349-d10810b6edae/element/00000000-0000-00d3-ffff-ffff000000aa/location [39m[32m200[39m [90m13 ms - 79[39m
[38;5;0m[HTTP][0m [90m[39m
[38;5;0m[HTTP][0m [37m-->[39m [37mPOST[39m [37m/wd/hub/session/5c93bd66-a73c-414a-a349-d10810b6edae/element/00000000-0000-00d3-ffff-ffff000000aa/clear[39m
[38;5;0m[HTTP][0m [90m{"id":"00000000-0000-00d3-ffff-ffff000000aa"}[39m
[38;5;0m[HTTP][0m [37m<-- POST /wd/hub/session/5c93bd66-a73c-414a-a349-d10810b6edae/element/00000000-0000-00d3-ffff-ffff000000aa/clear [39m[32m200[39m [90m15 ms - 14[39m
[38;5;0m[HTTP][0m [90m[39m
[38;5;0m[HTTP][0m [37m-->[39m [37mPOST[39m [37m/wd/hub/session/5c93bd66-a73c-414a-a349-d10810b6edae/element/00000000-0000-00d3-ffff-ffff000000aa/click[39m
[38;5;0m[HTTP][0m [90m{"id":"00000000-0000-00d3-ffff-ffff000000aa"}[39m
[38;5;0m[HTTP][0m [37m<-- POST /wd/hub/session/5c93bd66-a73c-414a-a349-d10810b6edae/element/00000000-0000-00d3-ffff-ffff000000aa/click [39m[32m200[39m [90m532 ms - 14[39m
[38;5;0m[HTTP][0m [90m[39m
[38;5;0m[HTTP][0m [37m-->[39m [37mPOST[39m [37m/wd/hub/session/5c93bd66-a73c-414a-a349-d10810b6edae/element/00000000-0000-00d3-ffff-ffff000000aa/value[39m
[38;5;0m[HTTP][0m [90m{"id":"00000000-0000-00d3-ffff-ffff000000aa","text":"1","value":["1"]}[39m
[38;5;0m[HTTP][0m [37m<-- POST /wd/hub/session/5c93bd66-a73c-414a-a349-d10810b6edae/element/00000000-0000-00d3-ffff-ffff000000aa/value [39m[32m200[39m [90m996 ms - 14[39m
[38;5;0m[HTTP][0m [90m[39m
[38;5;0m[HTTP][0m [37m-->[39m [37mGET[39m [37m/wd/hub/session/5c93bd66-a73c-414a-a349-d10810b6edae/source[39m
[38;5;0m[HTTP][0m [90m{}[39m
[38;5;48m[AndroidUiautomator2Driver@5d90 (5c93bd66)][0m Driver proxy active, passing request on via HTTP proxy
[38;5;48m[AndroidUiautomator2Driver@5d90 (5c93bd66)][0m Replacing sessionId ed79730b-6d66-45a4-9881-5fe96b45610b with 5c93bd66-a73c-414a-a349-d10810b6edae
[38;5;0m[HTTP][0m [37m<-- GET /wd/hub/session/5c93bd66-a73c-414a-a349-d10810b6edae/source [39m[32m200[39m [90m31 ms - 6050[39m
[38;5;0m[HTTP][0m [90m[39m
[38;5;0m[HTTP][0m [37m-->[39m [37mGET[39m [37m/wd/hub/session/5c93bd66-a73c-414a-a349-d10810b6edae/screenshot[39m
[38;5;0m[HTTP][0m [90m{}[39m
[38;5;0m[HTTP][0m [37m<-- GET /wd/hub/session/5c93bd66-a73c-414a-a349-d10810b6edae/screenshot [39m[32m200[39m [90m823 ms - 672040[39m
[38;5;0m[HTTP][0m [90m[39m
[38;5;0m[HTTP][0m [37m-->[39m [37mPOST[39m [37m/wd/hub/session/5c93bd66-a73c-414a-a349-d10810b6edae/elements[39m
[38;5;0m[HTTP][0m [90m{"using":"xpath","value":"//*[@class = 'android.widget.Button' and (@text = 'ADD' or . = 'ADD') and @resource-id = 'android:id/button1']"}[39m
[38;5;0m[HTTP][0m [37m<-- POST /wd/hub/session/5c93bd66-a73c-414a-a349-d10810b6edae/elements [39m[32m200[39m [90m40 ms - 139[39m
[38;5;0m[HTTP][0m [90m[39m
[38;5;0m[HTTP][0m [37m-->[39m [37mGET[39m [37m/wd/hub/session/5c93bd66-a73c-414a-a349-d10810b6edae/window/rect[39m
[38;5;0m[HTTP][0m [90m{}[39m
[38;5;0m[HTTP][0m [37m<-- GET /wd/hub/session/5c93bd66-a73c-414a-a349-d10810b6edae/window/rect [39m[32m200[39m [90m8 ms - 50[39m
[38;5;0m[HTTP][0m [90m[39m
[38;5;0m[HTTP][0m [37m-->[39m [37mPOST[39m [37m/wd/hub/session/5c93bd66-a73c-414a-a349-d10810b6edae/elements[39m
[38;5;0m[HTTP][0m [90m{"using":"xpath","value":"//*[@class = 'android.widget.Button' and (@text = 'ADD' or . = 'ADD') and @resource-id = 'android:id/button1']"}[39m
[38;5;0m[HTTP][0m [37m<-- POST /wd/hub/session/5c93bd66-a73c-414a-a349-d10810b6edae/elements [39m[32m200[39m [90m61 ms - 139[39m
[38;5;0m[HTTP][0m [90m[39m
[38;5;0m[HTTP][0m [37m-->[39m [37mGET[39m [37m/wd/hub/session/5c93bd66-a73c-414a-a349-d10810b6edae/element/00000000-0000-00d3-ffff-ffff000000b4/location[39m
[38;5;0m[HTTP][0m [90m{}[39m
[38;5;48m[AndroidUiautomator2Driver@5d90 (5c93bd66)][0m Driver proxy active, passing request on via HTTP proxy
[38;5;48m[AndroidUiautomator2Driver@5d90 (5c93bd66)][0m Replacing sessionId ed79730b-6d66-45a4-9881-5fe96b45610b with 5c93bd66-a73c-414a-a349-d10810b6edae
[38;5;0m[HTTP][0m [37m<-- GET /wd/hub/session/5c93bd66-a73c-414a-a349-d10810b6edae/element/00000000-0000-00d3-ffff-ffff000000b4/location [39m[32m200[39m [90m22 ms - 78[39m
[38;5;0m[HTTP][0m [90m[39m
[38;5;0m[HTTP][0m [37m-->[39m [37mPOST[39m [37m/wd/hub/session/5c93bd66-a73c-414a-a349-d10810b6edae/element/00000000-0000-00d3-ffff-ffff000000b4/click[39m
[38;5;0m[HTTP][0m [90m{"id":"00000000-0000-00d3-ffff-ffff000000b4"}[39m
[38;5;0m[HTTP][0m [37m<-- POST /wd/hub/session/5c93bd66-a73c-414a-a349-d10810b6edae/element/00000000-0000-00d3-ffff-ffff000000b4/click [39m[32m200[39m [90m34 ms - 14[39m
[38;5;0m[HTTP][0m [90m[39m
[38;5;0m[HTTP][0m [37m-->[39m [37mGET[39m [37m/wd/hub/session/5c93bd66-a73c-414a-a349-d10810b6edae/source[39m
[38;5;0m[HTTP][0m [90m{}[39m
[38;5;48m[AndroidUiautomator2Driver@5d90 (5c93bd66)][0m Driver proxy active, passing request on via HTTP proxy
[38;5;48m[AndroidUiautomator2Driver@5d90 (5c93bd66)][0m Replacing sessionId ed79730b-6d66-45a4-9881-5fe96b45610b with 5c93bd66-a73c-414a-a349-d10810b6edae
[38;5;0m[HTTP][0m [37m<-- GET /wd/hub/session/5c93bd66-a73c-414a-a349-d10810b6edae/source [39m[32m200[39m [90m236 ms - 17502[39m
[38;5;0m[HTTP][0m [90m[39m
[38;5;0m[HTTP][0m [37m-->[39m [37mGET[39m [37m/wd/hub/session/5c93bd66-a73c-414a-a349-d10810b6edae/screenshot[39m
[38;5;0m[HTTP][0m [90m{}[39m
[38;5;0m[HTTP][0m [37m<-- GET /wd/hub/session/5c93bd66-a73c-414a-a349-d10810b6edae/screenshot [39m[32m200[39m [90m958 ms - 1426200[39m
[38;5;0m[HTTP][0m [90m[39m
[38;5;0m[HTTP][0m [37m-->[39m [37mPOST[39m [37m/wd/hub/session/5c93bd66-a73c-414a-a349-d10810b6edae/elements[39m
[38;5;0m[HTTP][0m [90m{"using":"xpath","value":"//*[@class = 'android.widget.TextView' and @resource-id = 'com.solodroid.solomerce:id/cart' and (@text = '' or . = '')]"}[39m
[38;5;0m[HTTP][0m [37m<-- POST /wd/hub/session/5c93bd66-a73c-414a-a349-d10810b6edae/elements [39m[32m200[39m [90m56 ms - 139[39m
[38;5;0m[HTTP][0m [90m[39m
[38;5;0m[HTTP][0m [37m-->[39m [37mGET[39m [37m/wd/hub/session/5c93bd66-a73c-414a-a349-d10810b6edae/window/rect[39m
[38;5;0m[HTTP][0m [90m{}[39m
[38;5;0m[HTTP][0m [37m<-- GET /wd/hub/session/5c93bd66-a73c-414a-a349-d10810b6edae/window/rect [39m[32m200[39m [90m6 ms - 50[39m
[38;5;0m[HTTP][0m [90m[39m
[38;5;0m[HTTP][0m [37m-->[39m [37mPOST[39m [37m/wd/hub/session/5c93bd66-a73c-414a-a349-d10810b6edae/elements[39m
[38;5;0m[HTTP][0m [90m{"using":"xpath","value":"//*[@class = 'android.widget.TextView' and @resource-id = 'com.solodroid.solomerce:id/cart' and (@text = '' or . = '')]"}[39m
[38;5;0m[HTTP][0m [37m<-- POST /wd/hub/session/5c93bd66-a73c-414a-a349-d10810b6edae/elements [39m[32m200[39m [90m56 ms - 139[39m
[38;5;0m[HTTP][0m [90m[39m
[38;5;0m[HTTP][0m [37m-->[39m [37mGET[39m [37m/wd/hub/session/5c93bd66-a73c-414a-a349-d10810b6edae/element/00000000-0000-00d2-ffff-ffff000000a4/location[39m
[38;5;0m[HTTP][0m [90m{}[39m
[38;5;48m[AndroidUiautomator2Driver@5d90 (5c93bd66)][0m Driver proxy active, passing request on via HTTP proxy
[38;5;48m[AndroidUiautomator2Driver@5d90 (5c93bd66)][0m Replacing sessionId ed79730b-6d66-45a4-9881-5fe96b45610b with 5c93bd66-a73c-414a-a349-d10810b6edae
[38;5;0m[HTTP][0m [37m<-- GET /wd/hub/session/5c93bd66-a73c-414a-a349-d10810b6edae/element/00000000-0000-00d2-ffff-ffff000000a4/location [39m[32m200[39m [90m18 ms - 77[39m
[38;5;0m[HTTP][0m [90m[39m
[38;5;0m[HTTP][0m [37m-->[39m [37mPOST[39m [37m/wd/hub/session/5c93bd66-a73c-414a-a349-d10810b6edae/element/00000000-0000-00d2-ffff-ffff000000a4/click[39m
[38;5;0m[HTTP][0m [90m{"id":"00000000-0000-00d2-ffff-ffff000000a4"}[39m
[38;5;0m[HTTP][0m [37m<-- POST /wd/hub/session/5c93bd66-a73c-414a-a349-d10810b6edae/element/00000000-0000-00d2-ffff-ffff000000a4/click [39m[32m200[39m [90m36 ms - 14[39m
[38;5;0m[HTTP][0m [90m[39m
[38;5;0m[HTTP][0m [37m-->[39m [37mGET[39m [37m/wd/hub/session/5c93bd66-a73c-414a-a349-d10810b6edae/source[39m
[38;5;0m[HTTP][0m [90m{}[39m
[38;5;48m[AndroidUiautomator2Driver@5d90 (5c93bd66)][0m Driver proxy active, passing request on via HTTP proxy
[38;5;48m[AndroidUiautomator2Driver@5d90 (5c93bd66)][0m Replacing sessionId ed79730b-6d66-45a4-9881-5fe96b45610b with 5c93bd66-a73c-414a-a349-d10810b6edae
[38;5;0m[HTTP][0m [37m<-- GET /wd/hub/session/5c93bd66-a73c-414a-a349-d10810b6edae/source [39m[32m200[39m [90m563 ms - 15635[39m
[38;5;0m[HTTP][0m [90m[39m
[38;5;0m[HTTP][0m [37m-->[39m [37mGET[39m [37m/wd/hub/session/5c93bd66-a73c-414a-a349-d10810b6edae/screenshot[39m
[38;5;0m[HTTP][0m [90m{}[39m
[38;5;0m[HTTP][0m [37m<-- GET /wd/hub/session/5c93bd66-a73c-414a-a349-d10810b6edae/screenshot [39m[32m200[39m [90m288 ms - 177184[39m
[38;5;0m[HTTP][0m [90m[39m
[38;5;0m[HTTP][0m [37m-->[39m [37mPOST[39m [37m/wd/hub/session/5c93bd66-a73c-414a-a349-d10810b6edae/elements[39m
[38;5;0m[HTTP][0m [90m{"using":"xpath","value":"//*[@class = 'android.widget.Button' and (@text = 'CHECKOUT' or . = 'CHECKOUT') and @resource-id = 'com.solodroid.solomerce:id/btn_checkout']"}[39m
[38;5;0m[HTTP][0m [37m<-- POST /wd/hub/session/5c93bd66-a73c-414a-a349-d10810b6edae/elements [39m[32m200[39m [90m33 ms - 139[39m
[38;5;0m[HTTP][0m [90m[39m
[38;5;0m[HTTP][0m [37m-->[39m [37mGET[39m [37m/wd/hub/session/5c93bd66-a73c-414a-a349-d10810b6edae/window/rect[39m
[38;5;0m[HTTP][0m [90m{}[39m
[38;5;0m[HTTP][0m [37m<-- GET /wd/hub/session/5c93bd66-a73c-414a-a349-d10810b6edae/window/rect [39m[32m200[39m [90m7 ms - 50[39m
[38;5;0m[HTTP][0m [90m[39m
[38;5;0m[HTTP][0m [37m-->[39m [37mPOST[39m [37m/wd/hub/session/5c93bd66-a73c-414a-a349-d10810b6edae/elements[39m
[38;5;0m[HTTP][0m [90m{"using":"xpath","value":"//*[@class = 'android.widget.Button' and (@text = 'CHECKOUT' or . = 'CHECKOUT') and @resource-id = 'com.solodroid.solomerce:id/btn_checkout']"}[39m
[38;5;0m[HTTP][0m [37m<-- POST /wd/hub/session/5c93bd66-a73c-414a-a349-d10810b6edae/elements [39m[32m200[39m [90m42 ms - 139[39m
[38;5;0m[HTTP][0m [90m[39m
[38;5;0m[HTTP][0m [37m-->[39m [37mGET[39m [37m/wd/hub/session/5c93bd66-a73c-414a-a349-d10810b6edae/element/00000000-0000-00d5-ffff-ffff000000e4/location[39m
[38;5;0m[HTTP][0m [90m{}[39m
[38;5;48m[AndroidUiautomator2Driver@5d90 (5c93bd66)][0m Driver proxy active, passing request on via HTTP proxy
[38;5;48m[AndroidUiautomator2Driver@5d90 (5c93bd66)][0m Replacing sessionId ed79730b-6d66-45a4-9881-5fe96b45610b with 5c93bd66-a73c-414a-a349-d10810b6edae
[38;5;0m[HTTP][0m [37m<-- GET /wd/hub/session/5c93bd66-a73c-414a-a349-d10810b6edae/element/00000000-0000-00d5-ffff-ffff000000e4/location [39m[32m200[39m [90m10 ms - 79[39m
[38;5;0m[HTTP][0m [90m[39m
[38;5;0m[HTTP][0m [37m-->[39m [37mPOST[39m [37m/wd/hub/session/5c93bd66-a73c-414a-a349-d10810b6edae/element/00000000-0000-00d5-ffff-ffff000000e4/click[39m
[38;5;0m[HTTP][0m [90m{"id":"00000000-0000-00d5-ffff-ffff000000e4"}[39m
[38;5;0m[HTTP][0m [37m<-- POST /wd/hub/session/5c93bd66-a73c-414a-a349-d10810b6edae/element/00000000-0000-00d5-ffff-ffff000000e4/click [39m[32m200[39m [90m36 ms - 14[39m
[38;5;0m[HTTP][0m [90m[39m
[38;5;0m[HTTP][0m [37m-->[39m [37mGET[39m [37m/wd/hub/session/5c93bd66-a73c-414a-a349-d10810b6edae/source[39m
[38;5;0m[HTTP][0m [90m{}[39m
[38;5;48m[AndroidUiautomator2Driver@5d90 (5c93bd66)][0m Driver proxy active, passing request on via HTTP proxy
[38;5;48m[AndroidUiautomator2Driver@5d90 (5c93bd66)][0m Replacing sessionId ed79730b-6d66-45a4-9881-5fe96b45610b with 5c93bd66-a73c-414a-a349-d10810b6edae
[38;5;0m[HTTP][0m [37m<-- GET /wd/hub/session/5c93bd66-a73c-414a-a349-d10810b6edae/source [39m[32m200[39m [90m1184 ms - 17501[39m
[38;5;0m[HTTP][0m [90m[39m
[38;5;0m[HTTP][0m [37m-->[39m [37mGET[39m [37m/wd/hub/session/5c93bd66-a73c-414a-a349-d10810b6edae/screenshot[39m
[38;5;0m[HTTP][0m [90m{}[39m
[38;5;0m[HTTP][0m [37m<-- GET /wd/hub/session/5c93bd66-a73c-414a-a349-d10810b6edae/screenshot [39m[32m200[39m [90m414 ms - 204864[39m
[38;5;0m[HTTP][0m [90m[39m
[38;5;0m[HTTP][0m [37m-->[39m [37mPOST[39m [37m/wd/hub/session/5c93bd66-a73c-414a-a349-d10810b6edae/elements[39m
[38;5;0m[HTTP][0m [90m{"using":"xpath","value":"//*[@class = 'android.widget.EditText' and (@text = 'Your Name' or . = 'Your Name') and @resource-id = 'com.solodroid.solomerce:id/edt_name']"}[39m
[38;5;0m[HTTP][0m [37m<-- POST /wd/hub/session/5c93bd66-a73c-414a-a349-d10810b6edae/elements [39m[32m200[39m [90m54 ms - 139[39m
[38;5;0m[HTTP][0m [90m[39m
[38;5;0m[HTTP][0m [37m-->[39m [37mGET[39m [37m/wd/hub/session/5c93bd66-a73c-414a-a349-d10810b6edae/window/rect[39m
[38;5;0m[HTTP][0m [90m{}[39m
[38;5;0m[HTTP][0m [37m<-- GET /wd/hub/session/5c93bd66-a73c-414a-a349-d10810b6edae/window/rect [39m[32m200[39m [90m16 ms - 50[39m
[38;5;0m[HTTP][0m [90m[39m
[38;5;0m[HTTP][0m [37m-->[39m [37mPOST[39m [37m/wd/hub/session/5c93bd66-a73c-414a-a349-d10810b6edae/elements[39m
[38;5;0m[HTTP][0m [90m{"using":"xpath","value":"//*[@class = 'android.widget.EditText' and (@text = 'Your Name' or . = 'Your Name') and @resource-id = 'com.solodroid.solomerce:id/edt_name']"}[39m
[38;5;0m[HTTP][0m [37m<-- POST /wd/hub/session/5c93bd66-a73c-414a-a349-d10810b6edae/elements [39m[32m200[39m [90m68 ms - 139[39m
[38;5;0m[HTTP][0m [90m[39m
[38;5;0m[HTTP][0m [37m-->[39m [37mGET[39m [37m/wd/hub/session/5c93bd66-a73c-414a-a349-d10810b6edae/element/00000000-0000-00d6-ffff-ffff000000e8/location[39m
[38;5;0m[HTTP][0m [90m{}[39m
[38;5;48m[AndroidUiautomator2Driver@5d90 (5c93bd66)][0m Driver proxy active, passing request on via HTTP proxy
[38;5;48m[AndroidUiautomator2Driver@5d90 (5c93bd66)][0m Replacing sessionId ed79730b-6d66-45a4-9881-5fe96b45610b with 5c93bd66-a73c-414a-a349-d10810b6edae
[38;5;0m[HTTP][0m [37m<-- GET /wd/hub/session/5c93bd66-a73c-414a-a349-d10810b6edae/element/00000000-0000-00d6-ffff-ffff000000e8/location [39m[32m200[39m [90m15 ms - 77[39m
[38;5;0m[HTTP][0m [90m[39m
[38;5;0m[HTTP][0m [37m-->[39m [37mPOST[39m [37m/wd/hub/session/5c93bd66-a73c-414a-a349-d10810b6edae/element/00000000-0000-00d6-ffff-ffff000000e8/clear[39m
[38;5;0m[HTTP][0m [90m{"id":"00000000-0000-00d6-ffff-ffff000000e8"}[39m
[38;5;0m[HTTP][0m [37m<-- POST /wd/hub/session/5c93bd66-a73c-414a-a349-d10810b6edae/element/00000000-0000-00d6-ffff-ffff000000e8/clear [39m[32m200[39m [90m17 ms - 14[39m
[38;5;0m[HTTP][0m [90m[39m
[38;5;0m[HTTP][0m [37m-->[39m [37mPOST[39m [37m/wd/hub/session/5c93bd66-a73c-414a-a349-d10810b6edae/element/00000000-0000-00d6-ffff-ffff000000e8/click[39m
[38;5;0m[HTTP][0m [90m{"id":"00000000-0000-00d6-ffff-ffff000000e8"}[39m
[38;5;0m[HTTP][0m [37m<-- POST /wd/hub/session/5c93bd66-a73c-414a-a349-d10810b6edae/element/00000000-0000-00d6-ffff-ffff000000e8/click [39m[32m200[39m [90m624 ms - 14[39m
[38;5;0m[HTTP][0m [90m[39m
[38;5;0m[HTTP][0m [37m-->[39m [37mPOST[39m [37m/wd/hub/session/5c93bd66-a73c-414a-a349-d10810b6edae/element/00000000-0000-00d6-ffff-ffff000000e8/value[39m
[38;5;0m[HTTP][0m [90m{"id":"00000000-0000-00d6-ffff-ffff000000e8","text":"yudha","value":["y","u","d","h","a"]}[39m
[38;5;0m[HTTP][0m [37m<-- POST /wd/hub/session/5c93bd66-a73c-414a-a349-d10810b6edae/element/00000000-0000-00d6-ffff-ffff000000e8/value [39m[32m200[39m [90m1580 ms - 14[39m
[38;5;0m[HTTP][0m [90m[39m
[38;5;0m[HTTP][0m [37m-->[39m [37mGET[39m [37m/wd/hub/session/5c93bd66-a73c-414a-a349-d10810b6edae/source[39m
[38;5;0m[HTTP][0m [90m{}[39m
[38;5;48m[AndroidUiautomator2Driver@5d90 (5c93bd66)][0m Driver proxy active, passing request on via HTTP proxy
[38;5;48m[AndroidUiautomator2Driver@5d90 (5c93bd66)][0m Replacing sessionId ed79730b-6d66-45a4-9881-5fe96b45610b with 5c93bd66-a73c-414a-a349-d10810b6edae
[38;5;0m[HTTP][0m [37m<-- GET /wd/hub/session/5c93bd66-a73c-414a-a349-d10810b6edae/source [39m[32m200[39m [90m86 ms - 14736[39m
[38;5;0m[HTTP][0m [90m[39m
[38;5;0m[HTTP][0m [37m-->[39m [37mGET[39m [37m/wd/hub/session/5c93bd66-a73c-414a-a349-d10810b6edae/screenshot[39m
[38;5;0m[HTTP][0m [90m{}[39m
[38;5;0m[HTTP][0m [37m<-- GET /wd/hub/session/5c93bd66-a73c-414a-a349-d10810b6edae/screenshot [39m[32m200[39m [90m310 ms - 233836[39m
[38;5;0m[HTTP][0m [90m[39m
[38;5;0m[HTTP][0m [37m-->[39m [37mPOST[39m [37m/wd/hub/session/5c93bd66-a73c-414a-a349-d10810b6edae/elements[39m
[38;5;0m[HTTP][0m [90m{"using":"xpath","value":"//*[@class = 'android.widget.EditText' and (@text = 'your.email@gmail.com' or . = 'your.email@gmail.com') and @resource-id = 'com.solodroid.solomerce:id/edt_email']"}[39m
[38;5;0m[HTTP][0m [37m<-- POST /wd/hub/session/5c93bd66-a73c-414a-a349-d10810b6edae/elements [39m[32m200[39m [90m70 ms - 139[39m
[38;5;0m[HTTP][0m [90m[39m
[38;5;0m[HTTP][0m [37m-->[39m [37mGET[39m [37m/wd/hub/session/5c93bd66-a73c-414a-a349-d10810b6edae/window/rect[39m
[38;5;0m[HTTP][0m [90m{}[39m
[38;5;0m[HTTP][0m [37m<-- GET /wd/hub/session/5c93bd66-a73c-414a-a349-d10810b6edae/window/rect [39m[32m200[39m [90m12 ms - 50[39m
[38;5;0m[HTTP][0m [90m[39m
[38;5;0m[HTTP][0m [37m-->[39m [37mPOST[39m [37m/wd/hub/session/5c93bd66-a73c-414a-a349-d10810b6edae/elements[39m
[38;5;0m[HTTP][0m [90m{"using":"xpath","value":"//*[@class = 'android.widget.EditText' and (@text = 'your.email@gmail.com' or . = 'your.email@gmail.com') and @resource-id = 'com.solodroid.solomerce:id/edt_email']"}[39m
[38;5;0m[HTTP][0m [37m<-- POST /wd/hub/session/5c93bd66-a73c-414a-a349-d10810b6edae/elements [39m[32m200[39m [90m548 ms - 139[39m
[38;5;0m[HTTP][0m [90m[39m
[38;5;0m[HTTP][0m [37m-->[39m [37mGET[39m [37m/wd/hub/session/5c93bd66-a73c-414a-a349-d10810b6edae/element/00000000-0000-00d6-ffff-ffff0000011d/location[39m
[38;5;0m[HTTP][0m [90m{}[39m
[38;5;48m[AndroidUiautomator2Driver@5d90 (5c93bd66)][0m Driver proxy active, passing request on via HTTP proxy
[38;5;48m[AndroidUiautomator2Driver@5d90 (5c93bd66)][0m Replacing sessionId ed79730b-6d66-45a4-9881-5fe96b45610b with 5c93bd66-a73c-414a-a349-d10810b6edae
[38;5;0m[HTTP][0m [37m<-- GET /wd/hub/session/5c93bd66-a73c-414a-a349-d10810b6edae/element/00000000-0000-00d6-ffff-ffff0000011d/location [39m[32m200[39m [90m10 ms - 77[39m
[38;5;0m[HTTP][0m [90m[39m
[38;5;0m[HTTP][0m [37m-->[39m [37mPOST[39m [37m/wd/hub/session/5c93bd66-a73c-414a-a349-d10810b6edae/element/00000000-0000-00d6-ffff-ffff0000011d/clear[39m
[38;5;0m[HTTP][0m [90m{"id":"00000000-0000-00d6-ffff-ffff0000011d"}[39m
[38;5;0m[HTTP][0m [37m<-- POST /wd/hub/session/5c93bd66-a73c-414a-a349-d10810b6edae/element/00000000-0000-00d6-ffff-ffff0000011d/clear [39m[32m200[39m [90m11 ms - 14[39m
[38;5;0m[HTTP][0m [90m[39m
[38;5;0m[HTTP][0m [37m-->[39m [37mPOST[39m [37m/wd/hub/session/5c93bd66-a73c-414a-a349-d10810b6edae/element/00000000-0000-00d6-ffff-ffff0000011d/click[39m
[38;5;0m[HTTP][0m [90m{"id":"00000000-0000-00d6-ffff-ffff0000011d"}[39m
[38;5;0m[HTTP][0m [37m<-- POST /wd/hub/session/5c93bd66-a73c-414a-a349-d10810b6edae/element/00000000-0000-00d6-ffff-ffff0000011d/click [39m[32m200[39m [90m521 ms - 14[39m
[38;5;0m[HTTP][0m [90m[39m
[38;5;0m[HTTP][0m [37m-->[39m [37mPOST[39m [37m/wd/hub/session/5c93bd66-a73c-414a-a349-d10810b6edae/element/00000000-0000-00d6-ffff-ffff0000011d/value[39m
[38;5;0m[HTTP][0m [90m{"id":"00000000-0000-00d6-ffff-ffff0000011d","text":"yudha@gmail.com","value":["y","u","d","h","a","@","g","m","a","i","l",".","c","o","m"]}[39m
[38;5;0m[HTTP][0m [37m<-- POST /wd/hub/session/5c93bd66-a73c-414a-a349-d10810b6edae/element/00000000-0000-00d6-ffff-ffff0000011d/value [39m[32m200[39m [90m1267 ms - 14[39m
[38;5;0m[HTTP][0m [90m[39m
[38;5;0m[HTTP][0m [37m-->[39m [37mGET[39m [37m/wd/hub/session/5c93bd66-a73c-414a-a349-d10810b6edae/source[39m
[38;5;0m[HTTP][0m [90m{}[39m
[38;5;48m[AndroidUiautomator2Driver@5d90 (5c93bd66)][0m Driver proxy active, passing request on via HTTP proxy
[38;5;48m[AndroidUiautomator2Driver@5d90 (5c93bd66)][0m Replacing sessionId ed79730b-6d66-45a4-9881-5fe96b45610b with 5c93bd66-a73c-414a-a349-d10810b6edae
[38;5;0m[HTTP][0m [37m<-- GET /wd/hub/session/5c93bd66-a73c-414a-a349-d10810b6edae/source [39m[32m200[39m [90m101 ms - 14731[39m
[38;5;0m[HTTP][0m [90m[39m
[38;5;0m[HTTP][0m [37m-->[39m [37mGET[39m [37m/wd/hub/session/5c93bd66-a73c-414a-a349-d10810b6edae/screenshot[39m
[38;5;0m[HTTP][0m [90m{}[39m
[38;5;0m[HTTP][0m [37m<-- GET /wd/hub/session/5c93bd66-a73c-414a-a349-d10810b6edae/screenshot [39m[32m200[39m [90m301 ms - 240152[39m
[38;5;0m[HTTP][0m [90m[39m
[38;5;0m[HTTP][0m [37m-->[39m [37mPOST[39m [37m/wd/hub/session/5c93bd66-a73c-414a-a349-d10810b6edae/elements[39m
[38;5;0m[HTTP][0m [90m{"using":"xpath","value":"//*[@class = 'android.widget.EditText' and (@text = '+628123456789' or . = '+628123456789') and @resource-id = 'com.solodroid.solomerce:id/edt_phone']"}[39m
[38;5;0m[HTTP][0m [37m<-- POST /wd/hub/session/5c93bd66-a73c-414a-a349-d10810b6edae/elements [39m[32m200[39m [90m41 ms - 139[39m
[38;5;0m[HTTP][0m [90m[39m
[38;5;0m[HTTP][0m [37m-->[39m [37mGET[39m [37m/wd/hub/session/5c93bd66-a73c-414a-a349-d10810b6edae/window/rect[39m
[38;5;0m[HTTP][0m [90m{}[39m
[38;5;0m[HTTP][0m [37m<-- GET /wd/hub/session/5c93bd66-a73c-414a-a349-d10810b6edae/window/rect [39m[32m200[39m [90m14 ms - 50[39m
[38;5;0m[HTTP][0m [90m[39m
[38;5;0m[HTTP][0m [37m-->[39m [37mPOST[39m [37m/wd/hub/session/5c93bd66-a73c-414a-a349-d10810b6edae/elements[39m
[38;5;0m[HTTP][0m [90m{"using":"xpath","value":"//*[@class = 'android.widget.EditText' and (@text = '+628123456789' or . = '+628123456789') and @resource-id = 'com.solodroid.solomerce:id/edt_phone']"}[39m
[38;5;0m[HTTP][0m [37m<-- POST /wd/hub/session/5c93bd66-a73c-414a-a349-d10810b6edae/elements [39m[32m200[39m [90m54 ms - 139[39m
[38;5;0m[HTTP][0m [90m[39m
[38;5;0m[HTTP][0m [37m-->[39m [37mGET[39m [37m/wd/hub/session/5c93bd66-a73c-414a-a349-d10810b6edae/element/00000000-0000-00d6-ffff-ffff00000113/location[39m
[38;5;0m[HTTP][0m [90m{}[39m
[38;5;48m[AndroidUiautomator2Driver@5d90 (5c93bd66)][0m Driver proxy active, passing request on via HTTP proxy
[38;5;48m[AndroidUiautomator2Driver@5d90 (5c93bd66)][0m Replacing sessionId ed79730b-6d66-45a4-9881-5fe96b45610b with 5c93bd66-a73c-414a-a349-d10810b6edae
[38;5;0m[HTTP][0m [37m<-- GET /wd/hub/session/5c93bd66-a73c-414a-a349-d10810b6edae/element/00000000-0000-00d6-ffff-ffff00000113/location [39m[32m200[39m [90m18 ms - 77[39m
[38;5;0m[HTTP][0m [90m[39m
[38;5;0m[HTTP][0m [37m-->[39m [37mPOST[39m [37m/wd/hub/session/5c93bd66-a73c-414a-a349-d10810b6edae/element/00000000-0000-00d6-ffff-ffff00000113/clear[39m
[38;5;0m[HTTP][0m [90m{"id":"00000000-0000-00d6-ffff-ffff00000113"}[39m
[38;5;0m[HTTP][0m [37m<-- POST /wd/hub/session/5c93bd66-a73c-414a-a349-d10810b6edae/element/00000000-0000-00d6-ffff-ffff00000113/clear [39m[32m200[39m [90m14 ms - 14[39m
[38;5;0m[HTTP][0m [90m[39m
[38;5;0m[HTTP][0m [37m-->[39m [37mPOST[39m [37m/wd/hub/session/5c93bd66-a73c-414a-a349-d10810b6edae/element/00000000-0000-00d6-ffff-ffff00000113/click[39m
[38;5;0m[HTTP][0m [90m{"id":"00000000-0000-00d6-ffff-ffff00000113"}[39m
[38;5;0m[HTTP][0m [37m<-- POST /wd/hub/session/5c93bd66-a73c-414a-a349-d10810b6edae/element/00000000-0000-00d6-ffff-ffff00000113/click [39m[32m200[39m [90m528 ms - 14[39m
[38;5;0m[HTTP][0m [90m[39m
[38;5;0m[HTTP][0m [37m-->[39m [37mPOST[39m [37m/wd/hub/session/5c93bd66-a73c-414a-a349-d10810b6edae/element/00000000-0000-00d6-ffff-ffff00000113/value[39m
[38;5;0m[HTTP][0m [90m{"id":"00000000-0000-00d6-ffff-ffff00000113","text":"+6281353081122","value":["+","6","2","8","1","3","5","3","0","8","1","1","2","2"]}[39m
[38;5;0m[HTTP][0m [37m<-- POST /wd/hub/session/5c93bd66-a73c-414a-a349-d10810b6edae/element/00000000-0000-00d6-ffff-ffff00000113/value [39m[32m200[39m [90m1125 ms - 14[39m
[38;5;0m[HTTP][0m [90m[39m
[38;5;0m[HTTP][0m [37m-->[39m [37mGET[39m [37m/wd/hub/session/5c93bd66-a73c-414a-a349-d10810b6edae/source[39m
[38;5;0m[HTTP][0m [90m{}[39m
[38;5;48m[AndroidUiautomator2Driver@5d90 (5c93bd66)][0m Driver proxy active, passing request on via HTTP proxy
[38;5;48m[AndroidUiautomator2Driver@5d90 (5c93bd66)][0m Replacing sessionId ed79730b-6d66-45a4-9881-5fe96b45610b with 5c93bd66-a73c-414a-a349-d10810b6edae
[38;5;0m[HTTP][0m [37m<-- GET /wd/hub/session/5c93bd66-a73c-414a-a349-d10810b6edae/source [39m[32m200[39m [90m50 ms - 14732[39m
[38;5;0m[HTTP][0m [90m[39m
[38;5;0m[HTTP][0m [37m-->[39m [37mGET[39m [37m/wd/hub/session/5c93bd66-a73c-414a-a349-d10810b6edae/screenshot[39m
[38;5;0m[HTTP][0m [90m{}[39m
[38;5;0m[HTTP][0m [37m<-- GET /wd/hub/session/5c93bd66-a73c-414a-a349-d10810b6edae/screenshot [39m[32m200[39m [90m305 ms - 226140[39m
[38;5;0m[HTTP][0m [90m[39m
[38;5;0m[HTTP][0m [37m-->[39m [37mPOST[39m [37m/wd/hub/session/5c93bd66-a73c-414a-a349-d10810b6edae/elements[39m
[38;5;0m[HTTP][0m [90m{"using":"xpath","value":"//*[@class = 'android.widget.EditText' and (@text = 'Your Address' or . = 'Your Address') and @resource-id = 'com.solodroid.solomerce:id/edt_address']"}[39m
[38;5;0m[HTTP][0m [37m<-- POST /wd/hub/session/5c93bd66-a73c-414a-a349-d10810b6edae/elements [39m[32m200[39m [90m43 ms - 139[39m
[38;5;0m[HTTP][0m [90m[39m
[38;5;0m[HTTP][0m [37m-->[39m [37mGET[39m [37m/wd/hub/session/5c93bd66-a73c-414a-a349-d10810b6edae/window/rect[39m
[38;5;0m[HTTP][0m [90m{}[39m
[38;5;0m[HTTP][0m [37m<-- GET /wd/hub/session/5c93bd66-a73c-414a-a349-d10810b6edae/window/rect [39m[32m200[39m [90m8 ms - 50[39m
[38;5;0m[HTTP][0m [90m[39m
[38;5;0m[HTTP][0m [37m-->[39m [37mPOST[39m [37m/wd/hub/session/5c93bd66-a73c-414a-a349-d10810b6edae/elements[39m
[38;5;0m[HTTP][0m [90m{"using":"xpath","value":"//*[@class = 'android.widget.EditText' and (@text = 'Your Address' or . = 'Your Address') and @resource-id = 'com.solodroid.solomerce:id/edt_address']"}[39m
[38;5;0m[HTTP][0m [37m<-- POST /wd/hub/session/5c93bd66-a73c-414a-a349-d10810b6edae/elements [39m[32m200[39m [90m40 ms - 139[39m
[38;5;0m[HTTP][0m [90m[39m
[38;5;0m[HTTP][0m [37m-->[39m [37mGET[39m [37m/wd/hub/session/5c93bd66-a73c-414a-a349-d10810b6edae/element/00000000-0000-00d6-ffff-ffff00000118/location[39m
[38;5;0m[HTTP][0m [90m{}[39m
[38;5;48m[AndroidUiautomator2Driver@5d90 (5c93bd66)][0m Driver proxy active, passing request on via HTTP proxy
[38;5;48m[AndroidUiautomator2Driver@5d90 (5c93bd66)][0m Replacing sessionId ed79730b-6d66-45a4-9881-5fe96b45610b with 5c93bd66-a73c-414a-a349-d10810b6edae
[38;5;0m[HTTP][0m [37m<-- GET /wd/hub/session/5c93bd66-a73c-414a-a349-d10810b6edae/element/00000000-0000-00d6-ffff-ffff00000118/location [39m[32m200[39m [90m10 ms - 77[39m
[38;5;0m[HTTP][0m [90m[39m
[38;5;0m[HTTP][0m [37m-->[39m [37mPOST[39m [37m/wd/hub/session/5c93bd66-a73c-414a-a349-d10810b6edae/element/00000000-0000-00d6-ffff-ffff00000118/clear[39m
[38;5;0m[HTTP][0m [90m{"id":"00000000-0000-00d6-ffff-ffff00000118"}[39m
[38;5;0m[HTTP][0m [37m<-- POST /wd/hub/session/5c93bd66-a73c-414a-a349-d10810b6edae/element/00000000-0000-00d6-ffff-ffff00000118/clear [39m[32m200[39m [90m12 ms - 14[39m
[38;5;0m[HTTP][0m [90m[39m
[38;5;0m[HTTP][0m [37m-->[39m [37mPOST[39m [37m/wd/hub/session/5c93bd66-a73c-414a-a349-d10810b6edae/element/00000000-0000-00d6-ffff-ffff00000118/click[39m
[38;5;0m[HTTP][0m [90m{"id":"00000000-0000-00d6-ffff-ffff00000118"}[39m
[38;5;0m[HTTP][0m [37m<-- POST /wd/hub/session/5c93bd66-a73c-414a-a349-d10810b6edae/element/00000000-0000-00d6-ffff-ffff00000118/click [39m[32m200[39m [90m528 ms - 14[39m
[38;5;0m[HTTP][0m [90m[39m
[38;5;0m[HTTP][0m [37m-->[39m [37mPOST[39m [37m/wd/hub/session/5c93bd66-a73c-414a-a349-d10810b6edae/element/00000000-0000-00d6-ffff-ffff00000118/value[39m
[38;5;0m[HTTP][0m [90m{"id":"00000000-0000-00d6-ffff-ffff00000118","text":"Jalan Medan Merdeka No 5 Jakarta","value":["J","a","l","a","n"," ","M","e","d","a","n"," ","M","e","r","d","e","k","a"," ","N","o"," ","5"," ","J","a","k","a","r","t","a"]}[39m
[38;5;0m[HTTP][0m [37m<-- POST /wd/hub/session/5c93bd66-a73c-414a-a349-d10810b6edae/element/00000000-0000-00d6-ffff-ffff00000118/value [39m[32m200[39m [90m1316 ms - 14[39m
[38;5;0m[HTTP][0m [90m[39m
[38;5;0m[HTTP][0m [37m-->[39m [37mGET[39m [37m/wd/hub/session/5c93bd66-a73c-414a-a349-d10810b6edae/source[39m
[38;5;0m[HTTP][0m [90m{}[39m
[38;5;48m[AndroidUiautomator2Driver@5d90 (5c93bd66)][0m Driver proxy active, passing request on via HTTP proxy
[38;5;48m[AndroidUiautomator2Driver@5d90 (5c93bd66)][0m Replacing sessionId ed79730b-6d66-45a4-9881-5fe96b45610b with 5c93bd66-a73c-414a-a349-d10810b6edae
[38;5;0m[HTTP][0m [37m<-- GET /wd/hub/session/5c93bd66-a73c-414a-a349-d10810b6edae/source [39m[32m200[39m [90m79 ms - 14752[39m
[38;5;0m[HTTP][0m [90m[39m
[38;5;0m[HTTP][0m [37m-->[39m [37mGET[39m [37m/wd/hub/session/5c93bd66-a73c-414a-a349-d10810b6edae/screenshot[39m
[38;5;0m[HTTP][0m [90m{}[39m
[38;5;0m[HTTP][0m [37m<-- GET /wd/hub/session/5c93bd66-a73c-414a-a349-d10810b6edae/screenshot [39m[32m200[39m [90m304 ms - 234720[39m
[38;5;0m[HTTP][0m [90m[39m
[38;5;0m[HTTP][0m [37m-->[39m [37mGET[39m [37m/wd/hub/session/5c93bd66-a73c-414a-a349-d10810b6edae/context[39m
[38;5;0m[HTTP][0m [90m{}[39m
[38;5;0m[HTTP][0m [37m<-- GET /wd/hub/session/5c93bd66-a73c-414a-a349-d10810b6edae/context [39m[32m200[39m [90m1 ms - 22[39m
[38;5;0m[HTTP][0m [90m[39m
[38;5;0m[HTTP][0m [37m-->[39m [37mGET[39m [37m/wd/hub/session/5c93bd66-a73c-414a-a349-d10810b6edae/contexts[39m
[38;5;0m[HTTP][0m [90m{}[39m
[38;5;0m[HTTP][0m [37m<-- GET /wd/hub/session/5c93bd66-a73c-414a-a349-d10810b6edae/contexts [39m[32m200[39m [90m256 ms - 24[39m
[38;5;0m[HTTP][0m [90m[39m
[38;5;0m[HTTP][0m [37m-->[39m [37mPOST[39m [37m/wd/hub/session/5c93bd66-a73c-414a-a349-d10810b6edae/context[39m
[38;5;0m[HTTP][0m [90m{"name":"NATIVE_APP"}[39m
[38;5;0m[HTTP][0m [37m<-- POST /wd/hub/session/5c93bd66-a73c-414a-a349-d10810b6edae/context [39m[32m200[39m [90m1 ms - 14[39m
[38;5;0m[HTTP][0m [90m[39m
[38;5;0m[HTTP][0m [37m-->[39m [37mPOST[39m [37m/wd/hub/session/5c93bd66-a73c-414a-a349-d10810b6edae/appium/device/hide_keyboard[39m
[38;5;0m[HTTP][0m [90m{}[39m
[38;5;0m[HTTP][0m [37m<-- POST /wd/hub/session/5c93bd66-a73c-414a-a349-d10810b6edae/appium/device/hide_keyboard [39m[32m200[39m [90m345 ms - 14[39m
[38;5;0m[HTTP][0m [90m[39m
[38;5;0m[HTTP][0m [37m-->[39m [37mPOST[39m [37m/wd/hub/session/5c93bd66-a73c-414a-a349-d10810b6edae/context[39m
[38;5;0m[HTTP][0m [90m{"name":"NATIVE_APP"}[39m
[38;5;0m[HTTP][0m [37m<-- POST /wd/hub/session/5c93bd66-a73c-414a-a349-d10810b6edae/context [39m[32m200[39m [90m2 ms - 14[39m
[38;5;0m[HTTP][0m [90m[39m
[38;5;0m[HTTP][0m [37m-->[39m [37mGET[39m [37m/wd/hub/session/5c93bd66-a73c-414a-a349-d10810b6edae/source[39m
[38;5;0m[HTTP][0m [90m{}[39m
[38;5;48m[AndroidUiautomator2Driver@5d90 (5c93bd66)][0m Driver proxy active, passing request on via HTTP proxy
[38;5;48m[AndroidUiautomator2Driver@5d90 (5c93bd66)][0m Replacing sessionId ed79730b-6d66-45a4-9881-5fe96b45610b with 5c93bd66-a73c-414a-a349-d10810b6edae
[38;5;0m[HTTP][0m [37m<-- GET /wd/hub/session/5c93bd66-a73c-414a-a349-d10810b6edae/source [39m[32m200[39m [90m67 ms - 17513[39m
[38;5;0m[HTTP][0m [90m[39m
[38;5;0m[HTTP][0m [37m-->[39m [37mGET[39m [37m/wd/hub/session/5c93bd66-a73c-414a-a349-d10810b6edae/screenshot[39m
[38;5;0m[HTTP][0m [90m{}[39m
[38;5;0m[HTTP][0m [37m<-- GET /wd/hub/session/5c93bd66-a73c-414a-a349-d10810b6edae/screenshot [39m[32m200[39m [90m299 ms - 201956[39m
[38;5;0m[HTTP][0m [90m[39m
[38;5;0m[HTTP][0m [37m-->[39m [37mPOST[39m [37m/wd/hub/session/5c93bd66-a73c-414a-a349-d10810b6edae/elements[39m
[38;5;0m[HTTP][0m [90m{"using":"xpath","value":"//*[@class = 'android.widget.EditText' and (@text = 'Comment' or . = 'Comment') and @resource-id = 'com.solodroid.solomerce:id/edt_comment']"}[39m
[38;5;0m[HTTP][0m [37m<-- POST /wd/hub/session/5c93bd66-a73c-414a-a349-d10810b6edae/elements [39m[32m200[39m [90m76 ms - 139[39m
[38;5;0m[HTTP][0m [90m[39m
[38;5;0m[HTTP][0m [37m-->[39m [37mGET[39m [37m/wd/hub/session/5c93bd66-a73c-414a-a349-d10810b6edae/window/rect[39m
[38;5;0m[HTTP][0m [90m{}[39m
[38;5;0m[HTTP][0m [37m<-- GET /wd/hub/session/5c93bd66-a73c-414a-a349-d10810b6edae/window/rect [39m[32m200[39m [90m9 ms - 50[39m
[38;5;0m[HTTP][0m [90m[39m
[38;5;0m[HTTP][0m [37m-->[39m [37mPOST[39m [37m/wd/hub/session/5c93bd66-a73c-414a-a349-d10810b6edae/elements[39m
[38;5;0m[HTTP][0m [90m{"using":"xpath","value":"//*[@class = 'android.widget.EditText' and (@text = 'Comment' or . = 'Comment') and @resource-id = 'com.solodroid.solomerce:id/edt_comment']"}[39m
[38;5;0m[HTTP][0m [37m<-- POST /wd/hub/session/5c93bd66-a73c-414a-a349-d10810b6edae/elements [39m[32m200[39m [90m33 ms - 139[39m
[38;5;0m[HTTP][0m [90m[39m
[38;5;0m[HTTP][0m [37m-->[39m [37mGET[39m [37m/wd/hub/session/5c93bd66-a73c-414a-a349-d10810b6edae/element/00000000-0000-00d6-ffff-ffff0000010e/location[39m
[38;5;0m[HTTP][0m [90m{}[39m
[38;5;48m[AndroidUiautomator2Driver@5d90 (5c93bd66)][0m Driver proxy active, passing request on via HTTP proxy
[38;5;48m[AndroidUiautomator2Driver@5d90 (5c93bd66)][0m Replacing sessionId ed79730b-6d66-45a4-9881-5fe96b45610b with 5c93bd66-a73c-414a-a349-d10810b6edae
[38;5;0m[HTTP][0m [37m<-- GET /wd/hub/session/5c93bd66-a73c-414a-a349-d10810b6edae/element/00000000-0000-00d6-ffff-ffff0000010e/location [39m[32m200[39m [90m9 ms - 78[39m
[38;5;0m[HTTP][0m [90m[39m
[38;5;0m[HTTP][0m [37m-->[39m [37mPOST[39m [37m/wd/hub/session/5c93bd66-a73c-414a-a349-d10810b6edae/element/00000000-0000-00d6-ffff-ffff0000010e/clear[39m
[38;5;0m[HTTP][0m [90m{"id":"00000000-0000-00d6-ffff-ffff0000010e"}[39m
[38;5;0m[HTTP][0m [37m<-- POST /wd/hub/session/5c93bd66-a73c-414a-a349-d10810b6edae/element/00000000-0000-00d6-ffff-ffff0000010e/clear [39m[32m200[39m [90m22 ms - 14[39m
[38;5;0m[HTTP][0m [90m[39m
[38;5;0m[HTTP][0m [37m-->[39m [37mPOST[39m [37m/wd/hub/session/5c93bd66-a73c-414a-a349-d10810b6edae/element/00000000-0000-00d6-ffff-ffff0000010e/click[39m
[38;5;0m[HTTP][0m [90m{"id":"00000000-0000-00d6-ffff-ffff0000010e"}[39m
[38;5;0m[HTTP][0m [37m<-- POST /wd/hub/session/5c93bd66-a73c-414a-a349-d10810b6edae/element/00000000-0000-00d6-ffff-ffff0000010e/click [39m[32m200[39m [90m527 ms - 14[39m
[38;5;0m[HTTP][0m [90m[39m
[38;5;0m[HTTP][0m [37m-->[39m [37mPOST[39m [37m/wd/hub/session/5c93bd66-a73c-414a-a349-d10810b6edae/element/00000000-0000-00d6-ffff-ffff0000010e/value[39m
[38;5;0m[HTTP][0m [90m{"id":"00000000-0000-00d6-ffff-ffff0000010e","text":"nice product","value":["n","i","c","e"," ","p","r","o","d","u","c","t"]}[39m
[38;5;0m[HTTP][0m [37m<-- POST /wd/hub/session/5c93bd66-a73c-414a-a349-d10810b6edae/element/00000000-0000-00d6-ffff-ffff0000010e/value [39m[32m200[39m [90m1713 ms - 14[39m
[38;5;0m[HTTP][0m [90m[39m
[38;5;0m[HTTP][0m [37m-->[39m [37mGET[39m [37m/wd/hub/session/5c93bd66-a73c-414a-a349-d10810b6edae/source[39m
[38;5;0m[HTTP][0m [90m{}[39m
[38;5;48m[AndroidUiautomator2Driver@5d90 (5c93bd66)][0m Driver proxy active, passing request on via HTTP proxy
[38;5;48m[AndroidUiautomator2Driver@5d90 (5c93bd66)][0m Replacing sessionId ed79730b-6d66-45a4-9881-5fe96b45610b with 5c93bd66-a73c-414a-a349-d10810b6edae
[38;5;0m[HTTP][0m [37m<-- GET /wd/hub/session/5c93bd66-a73c-414a-a349-d10810b6edae/source [39m[32m200[39m [90m68 ms - 13459[39m
[38;5;0m[HTTP][0m [90m[39m
[38;5;0m[HTTP][0m [37m-->[39m [37mGET[39m [37m/wd/hub/session/5c93bd66-a73c-414a-a349-d10810b6edae/screenshot[39m
[38;5;0m[HTTP][0m [90m{}[39m
[38;5;0m[HTTP][0m [37m<-- GET /wd/hub/session/5c93bd66-a73c-414a-a349-d10810b6edae/screenshot [39m[32m200[39m [90m307 ms - 253656[39m
[38;5;0m[HTTP][0m [90m[39m
[38;5;0m[HTTP][0m [37m-->[39m [37mGET[39m [37m/wd/hub/session/5c93bd66-a73c-414a-a349-d10810b6edae/context[39m
[38;5;0m[HTTP][0m [90m{}[39m
[38;5;0m[HTTP][0m [37m<-- GET /wd/hub/session/5c93bd66-a73c-414a-a349-d10810b6edae/context [39m[32m200[39m [90m1 ms - 22[39m
[38;5;0m[HTTP][0m [90m[39m
[38;5;0m[HTTP][0m [37m-->[39m [37mGET[39m [37m/wd/hub/session/5c93bd66-a73c-414a-a349-d10810b6edae/contexts[39m
[38;5;0m[HTTP][0m [90m{}[39m
[38;5;0m[HTTP][0m [37m<-- GET /wd/hub/session/5c93bd66-a73c-414a-a349-d10810b6edae/contexts [39m[32m200[39m [90m255 ms - 24[39m
[38;5;0m[HTTP][0m [90m[39m
[38;5;0m[HTTP][0m [37m-->[39m [37mPOST[39m [37m/wd/hub/session/5c93bd66-a73c-414a-a349-d10810b6edae/context[39m
[38;5;0m[HTTP][0m [90m{"name":"NATIVE_APP"}[39m
[38;5;0m[HTTP][0m [37m<-- POST /wd/hub/session/5c93bd66-a73c-414a-a349-d10810b6edae/context [39m[32m200[39m [90m1 ms - 14[39m
[38;5;0m[HTTP][0m [90m[39m
[38;5;0m[HTTP][0m [37m-->[39m [37mPOST[39m [37m/wd/hub/session/5c93bd66-a73c-414a-a349-d10810b6edae/appium/device/hide_keyboard[39m
[38;5;0m[HTTP][0m [90m{}[39m
[38;5;0m[HTTP][0m [37m<-- POST /wd/hub/session/5c93bd66-a73c-414a-a349-d10810b6edae/appium/device/hide_keyboard [39m[32m200[39m [90m336 ms - 14[39m
[38;5;0m[HTTP][0m [90m[39m
[38;5;0m[HTTP][0m [37m-->[39m [37mPOST[39m [37m/wd/hub/session/5c93bd66-a73c-414a-a349-d10810b6edae/context[39m
[38;5;0m[HTTP][0m [90m{"name":"NATIVE_APP"}[39m
[38;5;0m[HTTP][0m [37m<-- POST /wd/hub/session/5c93bd66-a73c-414a-a349-d10810b6edae/context [39m[32m200[39m [90m1 ms - 14[39m
[38;5;0m[HTTP][0m [90m[39m
[38;5;0m[HTTP][0m [37m-->[39m [37mGET[39m [37m/wd/hub/session/5c93bd66-a73c-414a-a349-d10810b6edae/source[39m
[38;5;0m[HTTP][0m [90m{}[39m
[38;5;48m[AndroidUiautomator2Driver@5d90 (5c93bd66)][0m Driver proxy active, passing request on via HTTP proxy
[38;5;48m[AndroidUiautomator2Driver@5d90 (5c93bd66)][0m Replacing sessionId ed79730b-6d66-45a4-9881-5fe96b45610b with 5c93bd66-a73c-414a-a349-d10810b6edae
[38;5;0m[HTTP][0m [37m<-- GET /wd/hub/session/5c93bd66-a73c-414a-a349-d10810b6edae/source [39m[32m200[39m [90m193 ms - 17518[39m
[38;5;0m[HTTP][0m [90m[39m
[38;5;0m[HTTP][0m [37m-->[39m [37mGET[39m [37m/wd/hub/session/5c93bd66-a73c-414a-a349-d10810b6edae/screenshot[39m
[38;5;0m[HTTP][0m [90m{}[39m
[38;5;0m[HTTP][0m [37m<-- GET /wd/hub/session/5c93bd66-a73c-414a-a349-d10810b6edae/screenshot [39m[32m200[39m [90m271 ms - 207988[39m
[38;5;0m[HTTP][0m [90m[39m
[38;5;0m[HTTP][0m [37m-->[39m [37mGET[39m [37m/wd/hub/session/5c93bd66-a73c-414a-a349-d10810b6edae/window/rect[39m
[38;5;0m[HTTP][0m [90m{}[39m
[38;5;0m[HTTP][0m [37m<-- GET /wd/hub/session/5c93bd66-a73c-414a-a349-d10810b6edae/window/rect [39m[32m200[39m [90m8 ms - 50[39m
[38;5;0m[HTTP][0m [90m[39m
[38;5;0m[HTTP][0m [37m-->[39m [37mPOST[39m [37m/wd/hub/session/5c93bd66-a73c-414a-a349-d10810b6edae/elements[39m
[38;5;0m[HTTP][0m [90m{"using":"xpath","value":"//*[@class = 'android.widget.Button' and (@text = 'ADD TO CART' or . = 'ADD TO CART') and @resource-id = 'com.solodroid.solomerce:id/btn_add_cart']"}[39m
[38;5;0m[HTTP][0m [37m<-- POST /wd/hub/session/5c93bd66-a73c-414a-a349-d10810b6edae/elements [39m[32m200[39m [90m60017 ms - 12[39m
[38;5;0m[HTTP][0m [90m[39m
[38;5;0m[HTTP][0m [37m-->[39m [37mGET[39m [37m/wd/hub/session/5c93bd66-a73c-414a-a349-d10810b6edae/source[39m
[38;5;0m[HTTP][0m [90m{}[39m
[38;5;48m[AndroidUiautomator2Driver@5d90 (5c93bd66)][0m Driver proxy active, passing request on via HTTP proxy
[38;5;48m[AndroidUiautomator2Driver@5d90 (5c93bd66)][0m Replacing sessionId ed79730b-6d66-45a4-9881-5fe96b45610b with 5c93bd66-a73c-414a-a349-d10810b6edae
[38;5;0m[HTTP][0m [37m<-- GET /wd/hub/session/5c93bd66-a73c-414a-a349-d10810b6edae/source [39m[32m200[39m [90m58 ms - 17518[39m
[38;5;0m[HTTP][0m [90m[39m
[38;5;0m[HTTP][0m [37m-->[39m [37mGET[39m [37m/wd/hub/session/5c93bd66-a73c-414a-a349-d10810b6edae/screenshot[39m
[38;5;0m[HTTP][0m [90m{}[39m
[38;5;0m[HTTP][0m [37m<-- GET /wd/hub/session/5c93bd66-a73c-414a-a349-d10810b6edae/screenshot [39m[32m200[39m [90m1208 ms - 207616[39m
[38;5;0m[HTTP][0m [90m[39m
[38;5;0m[HTTP][0m [37m-->[39m [37mGET[39m [37m/wd/hub/session/5c93bd66-a73c-414a-a349-d10810b6edae/window/rect[39m
[38;5;0m[HTTP][0m [90m{}[39m
[38;5;0m[HTTP][0m [37m<-- GET /wd/hub/session/5c93bd66-a73c-414a-a349-d10810b6edae/window/rect [39m[32m200[39m [90m9 ms - 50[39m
[38;5;0m[HTTP][0m [90m[39m
[38;5;0m[HTTP][0m [37m-->[39m [37mPOST[39m [37m/wd/hub/session/5c93bd66-a73c-414a-a349-d10810b6edae/elements[39m
[38;5;0m[HTTP][0m [90m{"using":"xpath","value":"//*[@class = 'android.widget.Button' and (@text = 'ADD TO CART' or . = 'ADD TO CART') and @resource-id = 'com.solodroid.solomerce:id/btn_add_cart']"}[39m
[38;5;0m[HTTP][0m [37m<-- POST /wd/hub/session/5c93bd66-a73c-414a-a349-d10810b6edae/elements [39m[32m200[39m [90m60025 ms - 12[39m
[38;5;0m[HTTP][0m [90m[39m
[38;5;0m[HTTP][0m [37m-->[39m [37mDELETE[39m [37m/wd/hub/session/5c93bd66-a73c-414a-a349-d10810b6edae[39m
[38;5;0m[HTTP][0m [90m{}[39m
[38;5;16m[AppiumDriver@5214][0m Removing session 5c93bd66-a73c-414a-a349-d10810b6edae from our master session list
[38;5;0m[HTTP][0m [37m<-- DELETE /wd/hub/session/5c93bd66-a73c-414a-a349-d10810b6edae [39m[32m200[39m [90m175 ms - 14[39m
[38;5;0m[HTTP][0m [90m[39m
